2024-03-04T18:56:33.390+01:00 r= ip=  INFO 21440 --- [wendys-tournament-management] [main] .a.i.SeprIndividualAssignmentApplication : Starting SeprIndividualAssignmentApplication using Java 21.0.2 with PID 21440 (C:\Users\Anton\OneDrive - TU Wien\Dokumente\Uni\TU Informatik\2024SS\Software Engineering Projekt\Wendys-Tournament-Management\backend\target\classes started by Anton in C:\Users\Anton\OneDrive - TU Wien\Dokumente\Uni\TU Informatik\2024SS\Software Engineering Projekt\Wendys-Tournament-Management\backend)
2024-03-04T18:56:33.393+01:00 r= ip=  INFO 21440 --- [wendys-tournament-management] [main] .a.i.SeprIndividualAssignmentApplication : No active profile set, falling back to 1 default profile: "default"
2024-03-04T18:56:34.522+01:00 r= ip=  INFO 21440 --- [wendys-tournament-management] [main] o.s.b.w.embedded.tomcat.TomcatWebServer  : Tomcat initialized with port 8080 (http)
2024-03-04T18:56:34.537+01:00 r= ip=  INFO 21440 --- [wendys-tournament-management] [main] o.apache.catalina.core.StandardService   : Starting service [Tomcat]
2024-03-04T18:56:34.538+01:00 r= ip=  INFO 21440 --- [wendys-tournament-management] [main] o.apache.catalina.core.StandardEngine    : Starting Servlet engine: [Apache Tomcat/10.1.19]
2024-03-04T18:56:34.678+01:00 r= ip=  INFO 21440 --- [wendys-tournament-management] [main] o.a.c.c.C.[Tomcat].[localhost].[/]       : Initializing Spring embedded WebApplicationContext
2024-03-04T18:56:34.678+01:00 r= ip=  INFO 21440 --- [wendys-tournament-management] [main] w.s.c.ServletWebServerApplicationContext : Root WebApplicationContext: initialization completed in 1230 ms
2024-03-04T18:56:34.709+01:00 r= ip=  INFO 21440 --- [wendys-tournament-management] [main] com.zaxxer.hikari.HikariDataSource       : HikariPool-1 - Starting...
2024-03-04T18:56:35.061+01:00 r= ip=  INFO 21440 --- [wendys-tournament-management] [main] com.zaxxer.hikari.pool.HikariPool        : HikariPool-1 - Added connection conn1: url=jdbc:h2:./wendydb user=SA
2024-03-04T18:56:35.063+01:00 r= ip=  INFO 21440 --- [wendys-tournament-management] [main] com.zaxxer.hikari.HikariDataSource       : HikariPool-1 - Start completed.
2024-03-04T18:56:35.073+01:00 r= ip=  INFO 21440 --- [wendys-tournament-management] [main] o.s.b.a.h2.H2ConsoleAutoConfiguration    : H2 console available at '/h2-console'. Database available at 'jdbc:h2:./wendydb'
2024-03-04T18:56:35.459+01:00 r= ip=  INFO 21440 --- [wendys-tournament-management] [main] o.s.b.w.embedded.tomcat.TomcatWebServer  : Tomcat started on port 8080 (http) with context path ''
2024-03-04T18:56:35.466+01:00 r= ip=  INFO 21440 --- [wendys-tournament-management] [main] .a.i.SeprIndividualAssignmentApplication : Started SeprIndividualAssignmentApplication in 2.625 seconds (process running for 3.109)
2024-03-04T19:05:47.507+01:00 r= ip=  INFO 30236 --- [wendys-tournament-management] [main] .a.i.SeprIndividualAssignmentApplication : Starting SeprIndividualAssignmentApplication using Java 21.0.2 with PID 30236 (C:\Users\Anton\OneDrive - TU Wien\Dokumente\Uni\TU Informatik\2024SS\Software Engineering Projekt\Wendys-Tournament-Management\backend\target\classes started by Anton in C:\Users\Anton\OneDrive - TU Wien\Dokumente\Uni\TU Informatik\2024SS\Software Engineering Projekt\Wendys-Tournament-Management\backend)
2024-03-04T19:05:47.513+01:00 r= ip=  INFO 30236 --- [wendys-tournament-management] [main] .a.i.SeprIndividualAssignmentApplication : No active profile set, falling back to 1 default profile: "default"
2024-03-04T19:05:48.485+01:00 r= ip=  INFO 30236 --- [wendys-tournament-management] [main] o.s.b.w.embedded.tomcat.TomcatWebServer  : Tomcat initialized with port 8080 (http)
2024-03-04T19:05:48.495+01:00 r= ip=  INFO 30236 --- [wendys-tournament-management] [main] o.apache.catalina.core.StandardService   : Starting service [Tomcat]
2024-03-04T19:05:48.495+01:00 r= ip=  INFO 30236 --- [wendys-tournament-management] [main] o.apache.catalina.core.StandardEngine    : Starting Servlet engine: [Apache Tomcat/10.1.19]
2024-03-04T19:05:48.536+01:00 r= ip=  INFO 30236 --- [wendys-tournament-management] [main] o.a.c.c.C.[Tomcat].[localhost].[/]       : Initializing Spring embedded WebApplicationContext
2024-03-04T19:05:48.537+01:00 r= ip=  INFO 30236 --- [wendys-tournament-management] [main] w.s.c.ServletWebServerApplicationContext : Root WebApplicationContext: initialization completed in 916 ms
2024-03-04T19:05:48.560+01:00 r= ip=  INFO 30236 --- [wendys-tournament-management] [main] com.zaxxer.hikari.HikariDataSource       : HikariPool-1 - Starting...
2024-03-04T19:05:52.853+01:00 r= ip=  INFO 30236 --- [wendys-tournament-management] [main] com.zaxxer.hikari.pool.HikariPool        : HikariPool-1 - Added connection conn1: url=jdbc:h2:./wendydb user=SA
2024-03-04T19:05:52.854+01:00 r= ip=  INFO 30236 --- [wendys-tournament-management] [main] com.zaxxer.hikari.HikariDataSource       : HikariPool-1 - Start completed.
2024-03-04T19:05:52.862+01:00 r= ip=  INFO 30236 --- [wendys-tournament-management] [main] o.s.b.a.h2.H2ConsoleAutoConfiguration    : H2 console available at '/h2-console'. Database available at 'jdbc:h2:./wendydb'
2024-03-04T19:05:53.209+01:00 r= ip=  INFO 30236 --- [wendys-tournament-management] [main] o.s.b.w.embedded.tomcat.TomcatWebServer  : Tomcat started on port 8080 (http) with context path ''
2024-03-04T19:05:53.214+01:00 r= ip=  INFO 30236 --- [wendys-tournament-management] [main] .a.i.SeprIndividualAssignmentApplication : Started SeprIndividualAssignmentApplication in 6.507 seconds (process running for 7.195)
2024-03-04T19:18:51.844+01:00 r= ip=  INFO 30236 --- [wendys-tournament-management] [http-nio-8080-exec-1] o.a.c.c.C.[Tomcat].[localhost].[/]       : Initializing Spring DispatcherServlet 'dispatcherServlet'
2024-03-04T19:18:51.845+01:00 r= ip=  INFO 30236 --- [wendys-tournament-management] [http-nio-8080-exec-1] o.s.web.servlet.DispatcherServlet        : Initializing Servlet 'dispatcherServlet'
2024-03-04T19:18:51.848+01:00 r= ip=  INFO 30236 --- [wendys-tournament-management] [http-nio-8080-exec-1] o.s.web.servlet.DispatcherServlet        : Completed initialization in 3 ms
2024-03-04T19:18:51.866+01:00 r=1cd7d0d46a56 ip=0:0:0:0:0:0:0:1  INFO 30236 --- [wendys-tournament-management] [http-nio-8080-exec-1] a.a.t.s.a.individual.config.LogFilter    : >>> GET /horses UA=Mozilla/5.0 (Windows NT 10.0; Win64; x64) AppleWebKit/537.36 (KHTML, like Gecko) Chrome/122.0.0.0 Safari/537.36
2024-03-04T19:18:51.953+01:00 r=1cd7d0d46a56 ip=0:0:0:0:0:0:0:1  INFO 30236 --- [wendys-tournament-management] [http-nio-8080-exec-1] a.a.t.s.a.individual.rest.HorseEndpoint  : GET /horses
2024-03-04T19:18:52.040+01:00 r=1cd7d0d46a56 ip=0:0:0:0:0:0:0:1  INFO 30236 --- [wendys-tournament-management] [http-nio-8080-exec-1] a.a.t.s.a.individual.config.LogFilter    : <<< GET /horses status=200 time=172ms
2024-03-04T19:18:52.121+01:00 r=e23be7566f0c ip=0:0:0:0:0:0:0:1  INFO 30236 --- [wendys-tournament-management] [http-nio-8080-exec-6] a.a.t.s.a.individual.config.LogFilter    : >>> GET /horses UA=Mozilla/5.0 (Windows NT 10.0; Win64; x64) AppleWebKit/537.36 (KHTML, like Gecko) Chrome/122.0.0.0 Safari/537.36
2024-03-04T19:18:52.123+01:00 r=e23be7566f0c ip=0:0:0:0:0:0:0:1  INFO 30236 --- [wendys-tournament-management] [http-nio-8080-exec-6] a.a.t.s.a.individual.rest.HorseEndpoint  : GET /horses
2024-03-04T19:18:52.126+01:00 r=e23be7566f0c ip=0:0:0:0:0:0:0:1  INFO 30236 --- [wendys-tournament-management] [http-nio-8080-exec-6] a.a.t.s.a.individual.config.LogFilter    : <<< GET /horses status=200 time=4ms
2024-03-04T19:19:12.437+01:00 r= ip=  INFO 30236 --- [wendys-tournament-management] [SpringApplicationShutdownHook] com.zaxxer.hikari.HikariDataSource       : HikariPool-1 - Shutdown initiated...
2024-03-04T19:19:12.439+01:00 r= ip=  INFO 30236 --- [wendys-tournament-management] [SpringApplicationShutdownHook] com.zaxxer.hikari.HikariDataSource       : HikariPool-1 - Shutdown completed.
2024-03-04T19:19:36.815+01:00 r= ip=  INFO 22472 --- [wendys-tournament-management] [main] .a.i.SeprIndividualAssignmentApplication : Starting SeprIndividualAssignmentApplication using Java 21.0.2 with PID 22472 (C:\Users\Anton\OneDrive - TU Wien\Dokumente\Uni\TU Informatik\2024SS\Software Engineering Projekt\Wendys-Tournament-Management\backend\target\classes started by Anton in C:\Users\Anton\OneDrive - TU Wien\Dokumente\Uni\TU Informatik\2024SS\Software Engineering Projekt\Wendys-Tournament-Management\backend)
2024-03-04T19:19:36.818+01:00 r= ip=  INFO 22472 --- [wendys-tournament-management] [main] .a.i.SeprIndividualAssignmentApplication : No active profile set, falling back to 1 default profile: "default"
2024-03-04T19:19:37.787+01:00 r= ip=  INFO 22472 --- [wendys-tournament-management] [main] o.s.b.w.embedded.tomcat.TomcatWebServer  : Tomcat initialized with port 8080 (http)
2024-03-04T19:19:37.801+01:00 r= ip=  INFO 22472 --- [wendys-tournament-management] [main] o.apache.catalina.core.StandardService   : Starting service [Tomcat]
2024-03-04T19:19:37.802+01:00 r= ip=  INFO 22472 --- [wendys-tournament-management] [main] o.apache.catalina.core.StandardEngine    : Starting Servlet engine: [Apache Tomcat/10.1.19]
2024-03-04T19:19:37.871+01:00 r= ip=  INFO 22472 --- [wendys-tournament-management] [main] o.a.c.c.C.[Tomcat].[localhost].[/]       : Initializing Spring embedded WebApplicationContext
2024-03-04T19:19:37.871+01:00 r= ip=  INFO 22472 --- [wendys-tournament-management] [main] w.s.c.ServletWebServerApplicationContext : Root WebApplicationContext: initialization completed in 1009 ms
2024-03-04T19:19:37.901+01:00 r= ip=  INFO 22472 --- [wendys-tournament-management] [main] com.zaxxer.hikari.HikariDataSource       : HikariPool-1 - Starting...
2024-03-04T19:19:38.232+01:00 r= ip=  INFO 22472 --- [wendys-tournament-management] [main] com.zaxxer.hikari.pool.HikariPool        : HikariPool-1 - Added connection conn1: url=jdbc:h2:./wendydb user=SA
2024-03-04T19:19:38.234+01:00 r= ip=  INFO 22472 --- [wendys-tournament-management] [main] com.zaxxer.hikari.HikariDataSource       : HikariPool-1 - Start completed.
2024-03-04T19:19:38.244+01:00 r= ip=  INFO 22472 --- [wendys-tournament-management] [main] o.s.b.a.h2.H2ConsoleAutoConfiguration    : H2 console available at '/h2-console'. Database available at 'jdbc:h2:./wendydb'
2024-03-04T19:19:38.601+01:00 r= ip=  INFO 22472 --- [wendys-tournament-management] [main] o.s.b.w.embedded.tomcat.TomcatWebServer  : Tomcat started on port 8080 (http) with context path ''
2024-03-04T19:19:38.609+01:00 r= ip=  INFO 22472 --- [wendys-tournament-management] [main] .a.i.SeprIndividualAssignmentApplication : Started SeprIndividualAssignmentApplication in 2.259 seconds (process running for 2.629)
2024-03-04T19:19:42.179+01:00 r= ip=  INFO 22472 --- [wendys-tournament-management] [http-nio-8080-exec-1] o.a.c.c.C.[Tomcat].[localhost].[/]       : Initializing Spring DispatcherServlet 'dispatcherServlet'
2024-03-04T19:19:42.179+01:00 r= ip=  INFO 22472 --- [wendys-tournament-management] [http-nio-8080-exec-1] o.s.web.servlet.DispatcherServlet        : Initializing Servlet 'dispatcherServlet'
2024-03-04T19:19:42.180+01:00 r= ip=  INFO 22472 --- [wendys-tournament-management] [http-nio-8080-exec-1] o.s.web.servlet.DispatcherServlet        : Completed initialization in 1 ms
2024-03-04T19:19:42.186+01:00 r=13a624443417 ip=0:0:0:0:0:0:0:1  INFO 22472 --- [wendys-tournament-management] [http-nio-8080-exec-1] a.a.t.s.a.individual.config.LogFilter    : >>> GET /horses UA=Mozilla/5.0 (Windows NT 10.0; Win64; x64) AppleWebKit/537.36 (KHTML, like Gecko) Chrome/122.0.0.0 Safari/537.36
2024-03-04T19:19:42.234+01:00 r=13a624443417 ip=0:0:0:0:0:0:0:1  INFO 22472 --- [wendys-tournament-management] [http-nio-8080-exec-1] a.a.t.s.a.individual.rest.HorseEndpoint  : GET /horses
2024-03-04T19:19:42.282+01:00 r=13a624443417 ip=0:0:0:0:0:0:0:1  INFO 22472 --- [wendys-tournament-management] [http-nio-8080-exec-1] a.a.t.s.a.individual.config.LogFilter    : <<< GET /horses status=200 time=94ms
2024-03-04T19:19:45.292+01:00 r=1c18c6f0b612 ip=0:0:0:0:0:0:0:1  INFO 22472 --- [wendys-tournament-management] [http-nio-8080-exec-3] a.a.t.s.a.individual.config.LogFilter    : >>> GET /horses UA=Mozilla/5.0 (Windows NT 10.0; Win64; x64) AppleWebKit/537.36 (KHTML, like Gecko) Chrome/122.0.0.0 Safari/537.36
2024-03-04T19:19:45.293+01:00 r=1c18c6f0b612 ip=0:0:0:0:0:0:0:1  INFO 22472 --- [wendys-tournament-management] [http-nio-8080-exec-3] a.a.t.s.a.individual.rest.HorseEndpoint  : GET /horses
2024-03-04T19:19:45.295+01:00 r=1c18c6f0b612 ip=0:0:0:0:0:0:0:1  INFO 22472 --- [wendys-tournament-management] [http-nio-8080-exec-3] a.a.t.s.a.individual.config.LogFilter    : <<< GET /horses status=200 time=2ms
2024-03-04T19:19:48.290+01:00 r=9c8d4fb0b163 ip=0:0:0:0:0:0:0:1  INFO 22472 --- [wendys-tournament-management] [http-nio-8080-exec-4] a.a.t.s.a.individual.config.LogFilter    : >>> GET /horses UA=Mozilla/5.0 (Windows NT 10.0; Win64; x64) AppleWebKit/537.36 (KHTML, like Gecko) Chrome/122.0.0.0 Safari/537.36
2024-03-04T19:19:48.293+01:00 r=9c8d4fb0b163 ip=0:0:0:0:0:0:0:1  INFO 22472 --- [wendys-tournament-management] [http-nio-8080-exec-4] a.a.t.s.a.individual.rest.HorseEndpoint  : GET /horses
2024-03-04T19:19:48.299+01:00 r=9c8d4fb0b163 ip=0:0:0:0:0:0:0:1  INFO 22472 --- [wendys-tournament-management] [http-nio-8080-exec-4] a.a.t.s.a.individual.config.LogFilter    : <<< GET /horses status=200 time=7ms
2024-03-04T19:19:48.604+01:00 r=23a8be7ef8b2 ip=0:0:0:0:0:0:0:1  INFO 22472 --- [wendys-tournament-management] [http-nio-8080-exec-6] a.a.t.s.a.individual.config.LogFilter    : >>> GET /horses UA=Mozilla/5.0 (Windows NT 10.0; Win64; x64) AppleWebKit/537.36 (KHTML, like Gecko) Chrome/122.0.0.0 Safari/537.36
2024-03-04T19:19:48.607+01:00 r=23a8be7ef8b2 ip=0:0:0:0:0:0:0:1  INFO 22472 --- [wendys-tournament-management] [http-nio-8080-exec-6] a.a.t.s.a.individual.rest.HorseEndpoint  : GET /horses
2024-03-04T19:19:48.610+01:00 r=23a8be7ef8b2 ip=0:0:0:0:0:0:0:1  INFO 22472 --- [wendys-tournament-management] [http-nio-8080-exec-6] a.a.t.s.a.individual.config.LogFilter    : <<< GET /horses status=200 time=5ms
2024-03-04T19:21:42.838+01:00 r=bfba39cdc92b ip=0:0:0:0:0:0:0:1  INFO 22472 --- [wendys-tournament-management] [http-nio-8080-exec-2] a.a.t.s.a.individual.config.LogFilter    : >>> GET /horses UA=Mozilla/5.0 (Windows NT 10.0; Win64; x64) AppleWebKit/537.36 (KHTML, like Gecko) Chrome/122.0.0.0 Safari/537.36
2024-03-04T19:21:42.840+01:00 r=bfba39cdc92b ip=0:0:0:0:0:0:0:1  INFO 22472 --- [wendys-tournament-management] [http-nio-8080-exec-2] a.a.t.s.a.individual.rest.HorseEndpoint  : GET /horses
2024-03-04T19:21:42.842+01:00 r=bfba39cdc92b ip=0:0:0:0:0:0:0:1  INFO 22472 --- [wendys-tournament-management] [http-nio-8080-exec-2] a.a.t.s.a.individual.config.LogFilter    : <<< GET /horses status=200 time=3ms
2024-03-04T19:22:15.908+01:00 r=75229717fa25 ip=0:0:0:0:0:0:0:1  INFO 22472 --- [wendys-tournament-management] [http-nio-8080-exec-9] a.a.t.s.a.individual.config.LogFilter    : >>> GET /breeds?name=s&limit=5 UA=Mozilla/5.0 (Windows NT 10.0; Win64; x64) AppleWebKit/537.36 (KHTML, like Gecko) Chrome/122.0.0.0 Safari/537.36
2024-03-04T19:22:15.910+01:00 r=75229717fa25 ip=0:0:0:0:0:0:0:1  INFO 22472 --- [wendys-tournament-management] [http-nio-8080-exec-9] a.a.t.s.a.individual.rest.BreedEndpoint  : GET /breeds
2024-03-04T19:22:15.915+01:00 r=75229717fa25 ip=0:0:0:0:0:0:0:1  INFO 22472 --- [wendys-tournament-management] [http-nio-8080-exec-9] a.a.t.s.a.individual.config.LogFilter    : <<< GET /breeds?name=s&limit=5 status=200 time=6ms
2024-03-04T19:22:25.960+01:00 r=9636931bbab3 ip=0:0:0:0:0:0:0:1  INFO 22472 --- [wendys-tournament-management] [http-nio-8080-exec-1] a.a.t.s.a.individual.config.LogFilter    : >>> GET /breeds?name=Machine&limit=5 UA=Mozilla/5.0 (Windows NT 10.0; Win64; x64) AppleWebKit/537.36 (KHTML, like Gecko) Chrome/122.0.0.0 Safari/537.36
2024-03-04T19:22:25.961+01:00 r=9636931bbab3 ip=0:0:0:0:0:0:0:1  INFO 22472 --- [wendys-tournament-management] [http-nio-8080-exec-1] a.a.t.s.a.individual.rest.BreedEndpoint  : GET /breeds
2024-03-04T19:22:25.962+01:00 r=9636931bbab3 ip=0:0:0:0:0:0:0:1  INFO 22472 --- [wendys-tournament-management] [http-nio-8080-exec-1] a.a.t.s.a.individual.config.LogFilter    : <<< GET /breeds?name=Machine&limit=5 status=200 time=2ms
2024-03-04T19:22:30.270+01:00 r=36f1beb5d3f6 ip=0:0:0:0:0:0:0:1  INFO 22472 --- [wendys-tournament-management] [http-nio-8080-exec-7] a.a.t.s.a.individual.config.LogFilter    : >>> GET /breeds?name=Mac&limit=5 UA=Mozilla/5.0 (Windows NT 10.0; Win64; x64) AppleWebKit/537.36 (KHTML, like Gecko) Chrome/122.0.0.0 Safari/537.36
2024-03-04T19:22:30.271+01:00 r=36f1beb5d3f6 ip=0:0:0:0:0:0:0:1  INFO 22472 --- [wendys-tournament-management] [http-nio-8080-exec-7] a.a.t.s.a.individual.rest.BreedEndpoint  : GET /breeds
2024-03-04T19:22:30.272+01:00 r=36f1beb5d3f6 ip=0:0:0:0:0:0:0:1  INFO 22472 --- [wendys-tournament-management] [http-nio-8080-exec-7] a.a.t.s.a.individual.config.LogFilter    : <<< GET /breeds?name=Mac&limit=5 status=200 time=1ms
2024-03-04T19:22:31.811+01:00 r=974bed794945 ip=0:0:0:0:0:0:0:1  INFO 22472 --- [wendys-tournament-management] [http-nio-8080-exec-3] a.a.t.s.a.individual.config.LogFilter    : >>> GET /breeds?name=Machine&limit=5 UA=Mozilla/5.0 (Windows NT 10.0; Win64; x64) AppleWebKit/537.36 (KHTML, like Gecko) Chrome/122.0.0.0 Safari/537.36
2024-03-04T19:22:31.811+01:00 r=974bed794945 ip=0:0:0:0:0:0:0:1  INFO 22472 --- [wendys-tournament-management] [http-nio-8080-exec-3] a.a.t.s.a.individual.rest.BreedEndpoint  : GET /breeds
2024-03-04T19:22:31.812+01:00 r=974bed794945 ip=0:0:0:0:0:0:0:1  INFO 22472 --- [wendys-tournament-management] [http-nio-8080-exec-3] a.a.t.s.a.individual.config.LogFilter    : <<< GET /breeds?name=Machine&limit=5 status=200 time=1ms
2024-03-04T19:22:44.200+01:00 r=5555c7a3339d ip=0:0:0:0:0:0:0:1  INFO 22472 --- [wendys-tournament-management] [http-nio-8080-exec-6] a.a.t.s.a.individual.config.LogFilter    : >>> GET /breeds?name=Machine&limit=5 UA=Mozilla/5.0 (Windows NT 10.0; Win64; x64) AppleWebKit/537.36 (KHTML, like Gecko) Chrome/122.0.0.0 Safari/537.36
2024-03-04T19:22:44.202+01:00 r=5555c7a3339d ip=0:0:0:0:0:0:0:1  INFO 22472 --- [wendys-tournament-management] [http-nio-8080-exec-6] a.a.t.s.a.individual.rest.BreedEndpoint  : GET /breeds
2024-03-04T19:22:44.204+01:00 r=5555c7a3339d ip=0:0:0:0:0:0:0:1  INFO 22472 --- [wendys-tournament-management] [http-nio-8080-exec-6] a.a.t.s.a.individual.config.LogFilter    : <<< GET /breeds?name=Machine&limit=5 status=200 time=2ms
2024-03-04T19:22:53.197+01:00 r=45b79b16648b ip=0:0:0:0:0:0:0:1  INFO 22472 --- [wendys-tournament-management] [http-nio-8080-exec-2] a.a.t.s.a.individual.config.LogFilter    : >>> GET /horses UA=Mozilla/5.0 (Windows NT 10.0; Win64; x64) AppleWebKit/537.36 (KHTML, like Gecko) Chrome/122.0.0.0 Safari/537.36
2024-03-04T19:22:53.198+01:00 r=45b79b16648b ip=0:0:0:0:0:0:0:1  INFO 22472 --- [wendys-tournament-management] [http-nio-8080-exec-2] a.a.t.s.a.individual.rest.HorseEndpoint  : GET /horses
2024-03-04T19:22:53.203+01:00 r=45b79b16648b ip=0:0:0:0:0:0:0:1  INFO 22472 --- [wendys-tournament-management] [http-nio-8080-exec-2] a.a.t.s.a.individual.config.LogFilter    : <<< GET /horses status=200 time=5ms
2024-03-04T19:22:53.443+01:00 r=42e802cf5c15 ip=0:0:0:0:0:0:0:1  INFO 22472 --- [wendys-tournament-management] [http-nio-8080-exec-8] a.a.t.s.a.individual.config.LogFilter    : >>> GET /horses UA=Mozilla/5.0 (Windows NT 10.0; Win64; x64) AppleWebKit/537.36 (KHTML, like Gecko) Chrome/122.0.0.0 Safari/537.36
2024-03-04T19:22:53.444+01:00 r=42e802cf5c15 ip=0:0:0:0:0:0:0:1  INFO 22472 --- [wendys-tournament-management] [http-nio-8080-exec-8] a.a.t.s.a.individual.rest.HorseEndpoint  : GET /horses
2024-03-04T19:22:53.446+01:00 r=42e802cf5c15 ip=0:0:0:0:0:0:0:1  INFO 22472 --- [wendys-tournament-management] [http-nio-8080-exec-8] a.a.t.s.a.individual.config.LogFilter    : <<< GET /horses status=200 time=3ms
2024-03-04T19:22:59.605+01:00 r=332311ea50d1 ip=0:0:0:0:0:0:0:1  INFO 22472 --- [wendys-tournament-management] [http-nio-8080-exec-9] a.a.t.s.a.individual.config.LogFilter    : >>> GET /horses?sex=FEMALE UA=Mozilla/5.0 (Windows NT 10.0; Win64; x64) AppleWebKit/537.36 (KHTML, like Gecko) Chrome/122.0.0.0 Safari/537.36
2024-03-04T19:22:59.606+01:00 r=332311ea50d1 ip=0:0:0:0:0:0:0:1  INFO 22472 --- [wendys-tournament-management] [http-nio-8080-exec-9] a.a.t.s.a.individual.rest.HorseEndpoint  : GET /horses
2024-03-04T19:22:59.608+01:00 r=332311ea50d1 ip=0:0:0:0:0:0:0:1  INFO 22472 --- [wendys-tournament-management] [http-nio-8080-exec-9] a.a.t.s.a.individual.config.LogFilter    : <<< GET /horses?sex=FEMALE status=200 time=3ms
2024-03-04T19:23:00.458+01:00 r=3684f6f48732 ip=0:0:0:0:0:0:0:1  INFO 22472 --- [wendys-tournament-management] [http-nio-8080-exec-10] a.a.t.s.a.individual.config.LogFilter    : >>> GET /horses?sex=MALE UA=Mozilla/5.0 (Windows NT 10.0; Win64; x64) AppleWebKit/537.36 (KHTML, like Gecko) Chrome/122.0.0.0 Safari/537.36
2024-03-04T19:23:00.459+01:00 r=3684f6f48732 ip=0:0:0:0:0:0:0:1  INFO 22472 --- [wendys-tournament-management] [http-nio-8080-exec-10] a.a.t.s.a.individual.rest.HorseEndpoint  : GET /horses
2024-03-04T19:23:00.461+01:00 r=3684f6f48732 ip=0:0:0:0:0:0:0:1  INFO 22472 --- [wendys-tournament-management] [http-nio-8080-exec-10] a.a.t.s.a.individual.config.LogFilter    : <<< GET /horses?sex=MALE status=200 time=2ms
2024-03-04T19:23:01.802+01:00 r=095f8581b74c ip=0:0:0:0:0:0:0:1  INFO 22472 --- [wendys-tournament-management] [http-nio-8080-exec-1] a.a.t.s.a.individual.config.LogFilter    : >>> GET /horses UA=Mozilla/5.0 (Windows NT 10.0; Win64; x64) AppleWebKit/537.36 (KHTML, like Gecko) Chrome/122.0.0.0 Safari/537.36
2024-03-04T19:23:01.803+01:00 r=095f8581b74c ip=0:0:0:0:0:0:0:1  INFO 22472 --- [wendys-tournament-management] [http-nio-8080-exec-1] a.a.t.s.a.individual.rest.HorseEndpoint  : GET /horses
2024-03-04T19:23:01.805+01:00 r=095f8581b74c ip=0:0:0:0:0:0:0:1  INFO 22472 --- [wendys-tournament-management] [http-nio-8080-exec-1] a.a.t.s.a.individual.config.LogFilter    : <<< GET /horses status=200 time=2ms
2024-03-04T19:23:02.759+01:00 r=80d925ef5bc9 ip=0:0:0:0:0:0:0:1  INFO 22472 --- [wendys-tournament-management] [http-nio-8080-exec-7] a.a.t.s.a.individual.config.LogFilter    : >>> GET /horses UA=Mozilla/5.0 (Windows NT 10.0; Win64; x64) AppleWebKit/537.36 (KHTML, like Gecko) Chrome/122.0.0.0 Safari/537.36
2024-03-04T19:23:02.760+01:00 r=80d925ef5bc9 ip=0:0:0:0:0:0:0:1  INFO 22472 --- [wendys-tournament-management] [http-nio-8080-exec-7] a.a.t.s.a.individual.rest.HorseEndpoint  : GET /horses
2024-03-04T19:23:02.762+01:00 r=80d925ef5bc9 ip=0:0:0:0:0:0:0:1  INFO 22472 --- [wendys-tournament-management] [http-nio-8080-exec-7] a.a.t.s.a.individual.config.LogFilter    : <<< GET /horses status=200 time=2ms
2024-03-04T19:25:20.147+01:00 r= ip=  INFO 25672 --- [wendys-tournament-management] [main] .a.i.SeprIndividualAssignmentApplication : Starting SeprIndividualAssignmentApplication using Java 21.0.2 with PID 25672 (C:\Users\Anton\OneDrive - TU Wien\Dokumente\Uni\TU Informatik\2024SS\Software Engineering Projekt\Wendys-Tournament-Management\backend\target\classes started by Anton in C:\Users\Anton\OneDrive - TU Wien\Dokumente\Uni\TU Informatik\2024SS\Software Engineering Projekt\Wendys-Tournament-Management\backend)
2024-03-04T19:25:20.149+01:00 r= ip=  INFO 25672 --- [wendys-tournament-management] [main] .a.i.SeprIndividualAssignmentApplication : No active profile set, falling back to 1 default profile: "default"
2024-03-04T19:25:20.961+01:00 r= ip=  INFO 25672 --- [wendys-tournament-management] [main] o.s.b.w.embedded.tomcat.TomcatWebServer  : Tomcat initialized with port 8080 (http)
2024-03-04T19:25:20.970+01:00 r= ip=  INFO 25672 --- [wendys-tournament-management] [main] o.apache.catalina.core.StandardService   : Starting service [Tomcat]
2024-03-04T19:25:20.970+01:00 r= ip=  INFO 25672 --- [wendys-tournament-management] [main] o.apache.catalina.core.StandardEngine    : Starting Servlet engine: [Apache Tomcat/10.1.19]
2024-03-04T19:25:21.011+01:00 r= ip=  INFO 25672 --- [wendys-tournament-management] [main] o.a.c.c.C.[Tomcat].[localhost].[/]       : Initializing Spring embedded WebApplicationContext
2024-03-04T19:25:21.011+01:00 r= ip=  INFO 25672 --- [wendys-tournament-management] [main] w.s.c.ServletWebServerApplicationContext : Root WebApplicationContext: initialization completed in 816 ms
2024-03-04T19:25:21.037+01:00 r= ip=  INFO 25672 --- [wendys-tournament-management] [main] com.zaxxer.hikari.HikariDataSource       : HikariPool-1 - Starting...
2024-03-04T19:25:25.393+01:00 r= ip=  INFO 25672 --- [wendys-tournament-management] [main] com.zaxxer.hikari.pool.HikariPool        : HikariPool-1 - Added connection conn1: url=jdbc:h2:./wendydb user=SA
2024-03-04T19:25:25.396+01:00 r= ip=  INFO 25672 --- [wendys-tournament-management] [main] com.zaxxer.hikari.HikariDataSource       : HikariPool-1 - Start completed.
2024-03-04T19:25:25.409+01:00 r= ip=  INFO 25672 --- [wendys-tournament-management] [main] o.s.b.a.h2.H2ConsoleAutoConfiguration    : H2 console available at '/h2-console'. Database available at 'jdbc:h2:./wendydb'
2024-03-04T19:25:25.966+01:00 r= ip=  INFO 25672 --- [wendys-tournament-management] [main] o.s.b.w.embedded.tomcat.TomcatWebServer  : Tomcat started on port 8080 (http) with context path ''
2024-03-04T19:25:25.975+01:00 r= ip=  INFO 25672 --- [wendys-tournament-management] [main] .a.i.SeprIndividualAssignmentApplication : Started SeprIndividualAssignmentApplication in 6.369 seconds (process running for 6.897)
2024-03-04T19:25:26.075+01:00 r= ip=  INFO 25672 --- [wendys-tournament-management] [http-nio-8080-exec-2] o.a.c.c.C.[Tomcat].[localhost].[/]       : Initializing Spring DispatcherServlet 'dispatcherServlet'
2024-03-04T19:25:26.076+01:00 r= ip=  INFO 25672 --- [wendys-tournament-management] [http-nio-8080-exec-2] o.s.web.servlet.DispatcherServlet        : Initializing Servlet 'dispatcherServlet'
2024-03-04T19:25:26.077+01:00 r= ip=  INFO 25672 --- [wendys-tournament-management] [http-nio-8080-exec-2] o.s.web.servlet.DispatcherServlet        : Completed initialization in 1 ms
2024-03-04T19:25:26.087+01:00 r=c7a1b19c1ebe ip=0:0:0:0:0:0:0:1  INFO 25672 --- [wendys-tournament-management] [http-nio-8080-exec-2] a.a.t.s.a.individual.config.LogFilter    : >>> GET /horses UA=Mozilla/5.0 (Windows NT 10.0; Win64; x64) AppleWebKit/537.36 (KHTML, like Gecko) Chrome/122.0.0.0 Safari/537.36
2024-03-04T19:25:26.161+01:00 r=c7a1b19c1ebe ip=0:0:0:0:0:0:0:1  INFO 25672 --- [wendys-tournament-management] [http-nio-8080-exec-2] a.a.t.s.a.individual.rest.HorseEndpoint  : GET /horses
2024-03-04T19:25:26.248+01:00 r=c7a1b19c1ebe ip=0:0:0:0:0:0:0:1  INFO 25672 --- [wendys-tournament-management] [http-nio-8080-exec-2] a.a.t.s.a.individual.config.LogFilter    : <<< GET /horses status=200 time=159ms
2024-03-04T19:25:26.250+01:00 r=f92d79ab17d8 ip=127.0.0.1  INFO 25672 --- [wendys-tournament-management] [http-nio-8080-exec-1] a.a.t.s.a.individual.config.LogFilter    : >>> GET /horses UA=Mozilla/5.0 (Windows NT 10.0; Win64; x64) AppleWebKit/537.36 (KHTML, like Gecko) Chrome/122.0.0.0 Safari/537.36
2024-03-04T19:25:26.252+01:00 r=f92d79ab17d8 ip=127.0.0.1  INFO 25672 --- [wendys-tournament-management] [http-nio-8080-exec-1] a.a.t.s.a.individual.rest.HorseEndpoint  : GET /horses
2024-03-04T19:25:26.255+01:00 r=f92d79ab17d8 ip=127.0.0.1  INFO 25672 --- [wendys-tournament-management] [http-nio-8080-exec-1] a.a.t.s.a.individual.config.LogFilter    : <<< GET /horses status=200 time=4ms
2024-03-04T19:25:36.399+01:00 r=7712d1cd4b1f ip=0:0:0:0:0:0:0:1  INFO 25672 --- [wendys-tournament-management] [http-nio-8080-exec-5] a.a.t.s.a.individual.config.LogFilter    : >>> GET /horses UA=Mozilla/5.0 (Windows NT 10.0; Win64; x64) AppleWebKit/537.36 (KHTML, like Gecko) Chrome/122.0.0.0 Safari/537.36
2024-03-04T19:25:36.401+01:00 r=7712d1cd4b1f ip=0:0:0:0:0:0:0:1  INFO 25672 --- [wendys-tournament-management] [http-nio-8080-exec-5] a.a.t.s.a.individual.rest.HorseEndpoint  : GET /horses
2024-03-04T19:25:36.404+01:00 r=7712d1cd4b1f ip=0:0:0:0:0:0:0:1  INFO 25672 --- [wendys-tournament-management] [http-nio-8080-exec-5] a.a.t.s.a.individual.config.LogFilter    : <<< GET /horses status=200 time=4ms
2024-03-04T19:25:36.706+01:00 r=c0ec609be04d ip=0:0:0:0:0:0:0:1  INFO 25672 --- [wendys-tournament-management] [http-nio-8080-exec-6] a.a.t.s.a.individual.config.LogFilter    : >>> GET /horses UA=Mozilla/5.0 (Windows NT 10.0; Win64; x64) AppleWebKit/537.36 (KHTML, like Gecko) Chrome/122.0.0.0 Safari/537.36
2024-03-04T19:25:36.707+01:00 r=c0ec609be04d ip=0:0:0:0:0:0:0:1  INFO 25672 --- [wendys-tournament-management] [http-nio-8080-exec-6] a.a.t.s.a.individual.rest.HorseEndpoint  : GET /horses
2024-03-04T19:25:36.709+01:00 r=c0ec609be04d ip=0:0:0:0:0:0:0:1  INFO 25672 --- [wendys-tournament-management] [http-nio-8080-exec-6] a.a.t.s.a.individual.config.LogFilter    : <<< GET /horses status=200 time=3ms
2024-03-04T19:25:41.698+01:00 r=e787ceb22f62 ip=0:0:0:0:0:0:0:1  INFO 25672 --- [wendys-tournament-management] [http-nio-8080-exec-7] a.a.t.s.a.individual.config.LogFilter    : >>> GET /horses UA=Mozilla/5.0 (Windows NT 10.0; Win64; x64) AppleWebKit/537.36 (KHTML, like Gecko) Chrome/122.0.0.0 Safari/537.36
2024-03-04T19:25:41.699+01:00 r=e787ceb22f62 ip=0:0:0:0:0:0:0:1  INFO 25672 --- [wendys-tournament-management] [http-nio-8080-exec-7] a.a.t.s.a.individual.rest.HorseEndpoint  : GET /horses
2024-03-04T19:25:41.703+01:00 r=e787ceb22f62 ip=0:0:0:0:0:0:0:1  INFO 25672 --- [wendys-tournament-management] [http-nio-8080-exec-7] a.a.t.s.a.individual.config.LogFilter    : <<< GET /horses status=200 time=5ms
2024-03-04T19:25:42.010+01:00 r=a05f1c21ccf3 ip=0:0:0:0:0:0:0:1  INFO 25672 --- [wendys-tournament-management] [http-nio-8080-exec-9] a.a.t.s.a.individual.config.LogFilter    : >>> GET /horses UA=Mozilla/5.0 (Windows NT 10.0; Win64; x64) AppleWebKit/537.36 (KHTML, like Gecko) Chrome/122.0.0.0 Safari/537.36
2024-03-04T19:25:42.011+01:00 r=a05f1c21ccf3 ip=0:0:0:0:0:0:0:1  INFO 25672 --- [wendys-tournament-management] [http-nio-8080-exec-9] a.a.t.s.a.individual.rest.HorseEndpoint  : GET /horses
2024-03-04T19:25:42.015+01:00 r=a05f1c21ccf3 ip=0:0:0:0:0:0:0:1  INFO 25672 --- [wendys-tournament-management] [http-nio-8080-exec-9] a.a.t.s.a.individual.config.LogFilter    : <<< GET /horses status=200 time=5ms
2024-03-04T19:25:44.356+01:00 r= ip=  INFO 25672 --- [wendys-tournament-management] [SpringApplicationShutdownHook] com.zaxxer.hikari.HikariDataSource       : HikariPool-1 - Shutdown initiated...
2024-03-04T19:25:44.358+01:00 r= ip=  INFO 25672 --- [wendys-tournament-management] [SpringApplicationShutdownHook] com.zaxxer.hikari.HikariDataSource       : HikariPool-1 - Shutdown completed.
2024-03-04T19:27:03.394+01:00 r= ip=  INFO 22704 --- [wendys-tournament-management] [main] a.a.t.s.a.i.persistence.BreedDaoTest     : Starting BreedDaoTest using Java 21.0.2 with PID 22704 (started by Anton in C:\Users\Anton\OneDrive - TU Wien\Dokumente\Uni\TU Informatik\2024SS\Software Engineering Projekt\Wendys-Tournament-Management\backend)
2024-03-04T19:27:03.396+01:00 r= ip=  INFO 22704 --- [wendys-tournament-management] [main] a.a.t.s.a.i.persistence.BreedDaoTest     : The following 2 profiles are active: "test", "datagen"
2024-03-04T19:27:04.605+01:00 r= ip=  INFO 22704 --- [wendys-tournament-management] [main] a.a.t.s.a.i.p.DataGeneratorBean          : Generating data…
2024-03-04T19:27:04.608+01:00 r= ip=  INFO 22704 --- [wendys-tournament-management] [main] com.zaxxer.hikari.HikariDataSource       : HikariPool-1 - Starting...
2024-03-04T19:27:05.085+01:00 r= ip=  INFO 22704 --- [wendys-tournament-management] [main] com.zaxxer.hikari.pool.HikariPool        : HikariPool-1 - Added connection conn0: url=jdbc:h2:mem:testdb user=SA
2024-03-04T19:27:05.088+01:00 r= ip=  INFO 22704 --- [wendys-tournament-management] [main] com.zaxxer.hikari.HikariDataSource       : HikariPool-1 - Start completed.
2024-03-04T19:27:05.139+01:00 r= ip=  INFO 22704 --- [wendys-tournament-management] [main] a.a.t.s.a.i.p.DataGeneratorBean          : Finished generating data without error.
2024-03-04T19:27:06.013+01:00 r= ip=  INFO 22704 --- [wendys-tournament-management] [main] o.s.b.a.h2.H2ConsoleAutoConfiguration    : H2 console available at '/h2-console'. Database available at 'jdbc:h2:mem:testdb'
2024-03-04T19:27:06.095+01:00 r= ip=  INFO 22704 --- [wendys-tournament-management] [main] a.a.t.s.a.i.persistence.BreedDaoTest     : Started BreedDaoTest in 3.094 seconds (process running for 4.706)
2024-03-04T19:27:07.611+01:00 r= ip=  INFO 22704 --- [wendys-tournament-management] [main] a.a.t.s.a.i.p.DataGeneratorBean          : Generating data…
2024-03-04T19:27:07.626+01:00 r= ip=  INFO 22704 --- [wendys-tournament-management] [main] a.a.t.s.a.i.p.DataGeneratorBean          : Finished generating data without error.
2024-03-04T19:27:07.849+01:00 r= ip=  INFO 22704 --- [wendys-tournament-management] [main] a.a.t.s.a.i.p.DataGeneratorBean          : Clearing data…
2024-03-04T19:27:07.855+01:00 r= ip=  INFO 22704 --- [wendys-tournament-management] [main] a.a.t.s.a.i.p.DataGeneratorBean          : Finished clearing data without error
2024-03-04T19:27:07.874+01:00 r= ip=  INFO 22704 --- [wendys-tournament-management] [main] a.a.t.s.a.i.p.DataGeneratorBean          : Generating data…
2024-03-04T19:27:07.879+01:00 r= ip=  INFO 22704 --- [wendys-tournament-management] [main] a.a.t.s.a.i.p.DataGeneratorBean          : Finished generating data without error.
2024-03-04T19:27:07.884+01:00 r= ip=  INFO 22704 --- [wendys-tournament-management] [main] a.a.t.s.a.i.p.DataGeneratorBean          : Clearing data…
2024-03-04T19:27:07.887+01:00 r= ip=  INFO 22704 --- [wendys-tournament-management] [main] a.a.t.s.a.i.p.DataGeneratorBean          : Finished clearing data without error
2024-03-04T19:27:07.893+01:00 r= ip=  INFO 22704 --- [wendys-tournament-management] [main] a.a.t.s.a.i.p.DataGeneratorBean          : Generating data…
2024-03-04T19:27:07.899+01:00 r= ip=  INFO 22704 --- [wendys-tournament-management] [main] a.a.t.s.a.i.p.DataGeneratorBean          : Finished generating data without error.
2024-03-04T19:27:07.908+01:00 r= ip=  INFO 22704 --- [wendys-tournament-management] [main] a.a.t.s.a.i.p.DataGeneratorBean          : Clearing data…
2024-03-04T19:27:07.913+01:00 r= ip=  INFO 22704 --- [wendys-tournament-management] [main] a.a.t.s.a.i.p.DataGeneratorBean          : Finished clearing data without error
2024-03-04T19:27:07.917+01:00 r= ip=  INFO 22704 --- [wendys-tournament-management] [main] a.a.t.s.a.i.p.DataGeneratorBean          : Generating data…
2024-03-04T19:27:07.922+01:00 r= ip=  INFO 22704 --- [wendys-tournament-management] [main] a.a.t.s.a.i.p.DataGeneratorBean          : Finished generating data without error.
2024-03-04T19:27:07.923+01:00 r= ip=  INFO 22704 --- [wendys-tournament-management] [main] a.a.t.s.a.i.p.DataGeneratorBean          : Clearing data…
2024-03-04T19:27:07.926+01:00 r= ip=  INFO 22704 --- [wendys-tournament-management] [main] a.a.t.s.a.i.p.DataGeneratorBean          : Finished clearing data without error
2024-03-04T19:27:07.938+01:00 r= ip=  INFO 22704 --- [wendys-tournament-management] [main] t.c.s.AnnotationConfigContextLoaderUtils : Could not detect default configuration classes for test class [at.ac.tuwien.sepr.assignment.individual.persistence.HorseDaoTest]: HorseDaoTest does not declare any static, non-private, non-final, nested classes annotated with @Configuration.
2024-03-04T19:27:07.940+01:00 r= ip=  INFO 22704 --- [wendys-tournament-management] [main] .b.t.c.SpringBootTestContextBootstrapper : Found @SpringBootConfiguration at.ac.tuwien.sepr.assignment.individual.SeprIndividualAssignmentApplication for test class at.ac.tuwien.sepr.assignment.individual.persistence.HorseDaoTest
2024-03-04T19:27:07.945+01:00 r= ip=  INFO 22704 --- [wendys-tournament-management] [main] a.a.t.s.a.i.p.DataGeneratorBean          : Generating data…
2024-03-04T19:27:07.949+01:00 r= ip=  INFO 22704 --- [wendys-tournament-management] [main] a.a.t.s.a.i.p.DataGeneratorBean          : Finished generating data without error.
2024-03-04T19:27:07.988+01:00 r= ip=  INFO 22704 --- [wendys-tournament-management] [main] a.a.t.s.a.i.p.DataGeneratorBean          : Clearing data…
2024-03-04T19:27:07.990+01:00 r= ip=  INFO 22704 --- [wendys-tournament-management] [main] a.a.t.s.a.i.p.DataGeneratorBean          : Finished clearing data without error
2024-03-04T19:27:07.998+01:00 r= ip=  INFO 22704 --- [wendys-tournament-management] [main] a.a.t.s.a.i.p.DataGeneratorBean          : Generating data…
2024-03-04T19:27:08.001+01:00 r= ip=  INFO 22704 --- [wendys-tournament-management] [main] a.a.t.s.a.i.p.DataGeneratorBean          : Finished generating data without error.
2024-03-04T19:27:08.008+01:00 r= ip=  INFO 22704 --- [wendys-tournament-management] [main] a.a.t.s.a.i.p.DataGeneratorBean          : Clearing data…
2024-03-04T19:27:08.010+01:00 r= ip=  INFO 22704 --- [wendys-tournament-management] [main] a.a.t.s.a.i.p.DataGeneratorBean          : Finished clearing data without error
2024-03-04T19:27:08.019+01:00 r= ip=  INFO 22704 --- [wendys-tournament-management] [main] t.c.s.AnnotationConfigContextLoaderUtils : Could not detect default configuration classes for test class [at.ac.tuwien.sepr.assignment.individual.rest.HorseEndpointTest]: HorseEndpointTest does not declare any static, non-private, non-final, nested classes annotated with @Configuration.
2024-03-04T19:27:08.047+01:00 r= ip=  INFO 22704 --- [wendys-tournament-management] [main] .b.t.c.SpringBootTestContextBootstrapper : Found @SpringBootConfiguration at.ac.tuwien.sepr.assignment.individual.SeprIndividualAssignmentApplication for test class at.ac.tuwien.sepr.assignment.individual.rest.HorseEndpointTest
2024-03-04T19:27:08.108+01:00 r= ip=  INFO 22704 --- [wendys-tournament-management] [main] a.a.t.s.a.i.rest.HorseEndpointTest       : Starting HorseEndpointTest using Java 21.0.2 with PID 22704 (started by Anton in C:\Users\Anton\OneDrive - TU Wien\Dokumente\Uni\TU Informatik\2024SS\Software Engineering Projekt\Wendys-Tournament-Management\backend)
2024-03-04T19:27:08.108+01:00 r= ip=  INFO 22704 --- [wendys-tournament-management] [main] a.a.t.s.a.i.rest.HorseEndpointTest       : The following 2 profiles are active: "test", "datagen"
2024-03-04T19:27:08.411+01:00 r= ip=  INFO 22704 --- [wendys-tournament-management] [main] a.a.t.s.a.i.p.DataGeneratorBean          : Generating data…
2024-03-04T19:27:08.411+01:00 r= ip=  INFO 22704 --- [wendys-tournament-management] [main] com.zaxxer.hikari.HikariDataSource       : HikariPool-2 - Starting...
2024-03-04T19:27:08.416+01:00 r= ip=  INFO 22704 --- [wendys-tournament-management] [main] com.zaxxer.hikari.pool.HikariPool        : HikariPool-2 - Added connection conn10: url=jdbc:h2:mem:testdb user=SA
2024-03-04T19:27:08.416+01:00 r= ip=  INFO 22704 --- [wendys-tournament-management] [main] com.zaxxer.hikari.HikariDataSource       : HikariPool-2 - Start completed.
2024-03-04T19:27:08.423+01:00 r= ip=  INFO 22704 --- [wendys-tournament-management] [main] a.a.t.s.a.i.p.DataGeneratorBean          : Finished generating data without error.
2024-03-04T19:27:08.571+01:00 r= ip=  INFO 22704 --- [wendys-tournament-management] [main] o.s.b.a.h2.H2ConsoleAutoConfiguration    : H2 console available at '/h2-console'. Database available at 'jdbc:h2:mem:testdb'
2024-03-04T19:27:08.604+01:00 r= ip=  INFO 22704 --- [wendys-tournament-management] [main] a.a.t.s.a.i.rest.HorseEndpointTest       : Started HorseEndpointTest in 0.552 seconds (process running for 7.214)
2024-03-04T19:27:08.613+01:00 r= ip=  INFO 22704 --- [wendys-tournament-management] [main] a.a.t.s.a.i.p.DataGeneratorBean          : Generating data…
2024-03-04T19:27:08.621+01:00 r= ip=  INFO 22704 --- [wendys-tournament-management] [main] a.a.t.s.a.i.p.DataGeneratorBean          : Finished generating data without error.
2024-03-04T19:27:08.632+01:00 r= ip=  INFO 22704 --- [wendys-tournament-management] [main] o.s.b.t.m.w.SpringBootMockServletContext : Initializing Spring TestDispatcherServlet ''
2024-03-04T19:27:08.633+01:00 r= ip=  INFO 22704 --- [wendys-tournament-management] [main] o.s.t.web.servlet.TestDispatcherServlet  : Initializing Servlet ''
2024-03-04T19:27:08.637+01:00 r= ip=  INFO 22704 --- [wendys-tournament-management] [main] o.s.t.web.servlet.TestDispatcherServlet  : Completed initialization in 3 ms
2024-03-04T19:27:08.741+01:00 r= ip=  INFO 22704 --- [wendys-tournament-management] [main] a.a.t.s.a.individual.rest.HorseEndpoint  : GET /horses
2024-03-04T19:27:08.959+01:00 r= ip=  INFO 22704 --- [wendys-tournament-management] [main] a.a.t.s.a.i.p.DataGeneratorBean          : Clearing data…
2024-03-04T19:27:08.963+01:00 r= ip=  INFO 22704 --- [wendys-tournament-management] [main] a.a.t.s.a.i.p.DataGeneratorBean          : Finished clearing data without error
2024-03-04T19:27:08.970+01:00 r= ip=  INFO 22704 --- [wendys-tournament-management] [main] a.a.t.s.a.i.p.DataGeneratorBean          : Generating data…
2024-03-04T19:27:08.976+01:00 r= ip=  INFO 22704 --- [wendys-tournament-management] [main] a.a.t.s.a.i.p.DataGeneratorBean          : Finished generating data without error.
2024-03-04T19:27:08.977+01:00 r= ip=  INFO 22704 --- [wendys-tournament-management] [main] o.s.b.t.m.w.SpringBootMockServletContext : Initializing Spring TestDispatcherServlet ''
2024-03-04T19:27:08.977+01:00 r= ip=  INFO 22704 --- [wendys-tournament-management] [main] o.s.t.web.servlet.TestDispatcherServlet  : Initializing Servlet ''
2024-03-04T19:27:08.978+01:00 r= ip=  INFO 22704 --- [wendys-tournament-management] [main] o.s.t.web.servlet.TestDispatcherServlet  : Completed initialization in 1 ms
2024-03-04T19:27:08.982+01:00 r= ip=  WARN 22704 --- [wendys-tournament-management] [main] o.s.web.servlet.PageNotFound             : No mapping for GET /asdf123
2024-03-04T19:27:08.988+01:00 r= ip=  WARN 22704 --- [wendys-tournament-management] [main] o.s.web.servlet.PageNotFound             : No endpoint GET /asdf123.
2024-03-04T19:27:08.990+01:00 r= ip=  INFO 22704 --- [wendys-tournament-management] [main] a.a.t.s.a.i.p.DataGeneratorBean          : Clearing data…
2024-03-04T19:27:08.993+01:00 r= ip=  INFO 22704 --- [wendys-tournament-management] [main] a.a.t.s.a.i.p.DataGeneratorBean          : Finished clearing data without error
2024-03-04T19:27:08.998+01:00 r= ip=  INFO 22704 --- [wendys-tournament-management] [main] a.a.t.s.a.i.p.DataGeneratorBean          : Generating data…
2024-03-04T19:27:09.002+01:00 r= ip=  INFO 22704 --- [wendys-tournament-management] [main] a.a.t.s.a.i.p.DataGeneratorBean          : Finished generating data without error.
2024-03-04T19:27:09.004+01:00 r= ip=  INFO 22704 --- [wendys-tournament-management] [main] o.s.b.t.m.w.SpringBootMockServletContext : Initializing Spring TestDispatcherServlet ''
2024-03-04T19:27:09.004+01:00 r= ip=  INFO 22704 --- [wendys-tournament-management] [main] o.s.t.web.servlet.TestDispatcherServlet  : Initializing Servlet ''
2024-03-04T19:27:09.005+01:00 r= ip=  INFO 22704 --- [wendys-tournament-management] [main] o.s.t.web.servlet.TestDispatcherServlet  : Completed initialization in 1 ms
2024-03-04T19:27:09.007+01:00 r= ip=  INFO 22704 --- [wendys-tournament-management] [main] a.a.t.s.a.individual.rest.HorseEndpoint  : GET /horses
2024-03-04T19:27:09.024+01:00 r= ip=  INFO 22704 --- [wendys-tournament-management] [main] a.a.t.s.a.i.p.DataGeneratorBean          : Clearing data…
2024-03-04T19:27:09.026+01:00 r= ip=  INFO 22704 --- [wendys-tournament-management] [main] a.a.t.s.a.i.p.DataGeneratorBean          : Finished clearing data without error
2024-03-04T19:27:09.035+01:00 r= ip=  INFO 22704 --- [wendys-tournament-management] [main] a.a.t.s.a.i.p.DataGeneratorBean          : Generating data…
2024-03-04T19:27:09.040+01:00 r= ip=  INFO 22704 --- [wendys-tournament-management] [main] a.a.t.s.a.i.p.DataGeneratorBean          : Finished generating data without error.
2024-03-04T19:27:09.042+01:00 r= ip=  INFO 22704 --- [wendys-tournament-management] [main] o.s.b.t.m.w.SpringBootMockServletContext : Initializing Spring TestDispatcherServlet ''
2024-03-04T19:27:09.042+01:00 r= ip=  INFO 22704 --- [wendys-tournament-management] [main] o.s.t.web.servlet.TestDispatcherServlet  : Initializing Servlet ''
2024-03-04T19:27:09.042+01:00 r= ip=  INFO 22704 --- [wendys-tournament-management] [main] o.s.t.web.servlet.TestDispatcherServlet  : Completed initialization in 0 ms
2024-03-04T19:27:09.044+01:00 r= ip=  INFO 22704 --- [wendys-tournament-management] [main] a.a.t.s.a.individual.rest.HorseEndpoint  : GET /horses
2024-03-04T19:27:09.057+01:00 r= ip=  INFO 22704 --- [wendys-tournament-management] [main] a.a.t.s.a.i.p.DataGeneratorBean          : Clearing data…
2024-03-04T19:27:09.059+01:00 r= ip=  INFO 22704 --- [wendys-tournament-management] [main] a.a.t.s.a.i.p.DataGeneratorBean          : Finished clearing data without error
2024-03-04T19:27:09.090+01:00 r= ip=  INFO 22704 --- [wendys-tournament-management] [main] t.c.s.AnnotationConfigContextLoaderUtils : Could not detect default configuration classes for test class [at.ac.tuwien.sepr.assignment.individual.SeprIndividualAssignmentApplicationTests]: SeprIndividualAssignmentApplicationTests does not declare any static, non-private, non-final, nested classes annotated with @Configuration.
2024-03-04T19:27:09.104+01:00 r= ip=  INFO 22704 --- [wendys-tournament-management] [main] .b.t.c.SpringBootTestContextBootstrapper : Found @SpringBootConfiguration at.ac.tuwien.sepr.assignment.individual.SeprIndividualAssignmentApplication for test class at.ac.tuwien.sepr.assignment.individual.SeprIndividualAssignmentApplicationTests
2024-03-04T19:27:09.152+01:00 r= ip=  INFO 22704 --- [wendys-tournament-management] [main] SeprIndividualAssignmentApplicationTests : Starting SeprIndividualAssignmentApplicationTests using Java 21.0.2 with PID 22704 (started by Anton in C:\Users\Anton\OneDrive - TU Wien\Dokumente\Uni\TU Informatik\2024SS\Software Engineering Projekt\Wendys-Tournament-Management\backend)
2024-03-04T19:27:09.152+01:00 r= ip=  INFO 22704 --- [wendys-tournament-management] [main] SeprIndividualAssignmentApplicationTests : The following 1 profile is active: "test"
2024-03-04T19:27:09.650+01:00 r= ip=  INFO 22704 --- [wendys-tournament-management] [main] com.zaxxer.hikari.HikariDataSource       : HikariPool-3 - Starting...
2024-03-04T19:27:09.656+01:00 r= ip=  INFO 22704 --- [wendys-tournament-management] [main] com.zaxxer.hikari.pool.HikariPool        : HikariPool-3 - Added connection conn20: url=jdbc:h2:mem:testdb user=SA
2024-03-04T19:27:09.657+01:00 r= ip=  INFO 22704 --- [wendys-tournament-management] [main] com.zaxxer.hikari.HikariDataSource       : HikariPool-3 - Start completed.
2024-03-04T19:27:09.657+01:00 r= ip=  INFO 22704 --- [wendys-tournament-management] [main] o.s.b.a.h2.H2ConsoleAutoConfiguration    : H2 console available at '/h2-console'. Database available at 'jdbc:h2:mem:testdb'
2024-03-04T19:27:09.677+01:00 r= ip=  INFO 22704 --- [wendys-tournament-management] [main] SeprIndividualAssignmentApplicationTests : Started SeprIndividualAssignmentApplicationTests in 0.568 seconds (process running for 8.287)
2024-03-04T19:27:09.689+01:00 r= ip=  INFO 22704 --- [wendys-tournament-management] [main] t.c.s.AnnotationConfigContextLoaderUtils : Could not detect default configuration classes for test class [at.ac.tuwien.sepr.assignment.individual.service.HorseServiceTest]: HorseServiceTest does not declare any static, non-private, non-final, nested classes annotated with @Configuration.
2024-03-04T19:27:09.709+01:00 r= ip=  INFO 22704 --- [wendys-tournament-management] [main] .b.t.c.SpringBootTestContextBootstrapper : Found @SpringBootConfiguration at.ac.tuwien.sepr.assignment.individual.SeprIndividualAssignmentApplication for test class at.ac.tuwien.sepr.assignment.individual.service.HorseServiceTest
2024-03-04T19:27:09.718+01:00 r= ip=  INFO 22704 --- [wendys-tournament-management] [main] a.a.t.s.a.i.p.DataGeneratorBean          : Generating data…
2024-03-04T19:27:09.720+01:00 r= ip=  INFO 22704 --- [wendys-tournament-management] [main] a.a.t.s.a.i.p.DataGeneratorBean          : Finished generating data without error.
2024-03-04T19:27:09.728+01:00 r= ip=  INFO 22704 --- [wendys-tournament-management] [main] a.a.t.s.a.i.p.DataGeneratorBean          : Clearing data…
2024-03-04T19:27:09.730+01:00 r= ip=  INFO 22704 --- [wendys-tournament-management] [main] a.a.t.s.a.i.p.DataGeneratorBean          : Finished clearing data without error
2024-03-04T19:27:09.737+01:00 r= ip=  INFO 22704 --- [wendys-tournament-management] [main] a.a.t.s.a.i.p.DataGeneratorBean          : Generating data…
2024-03-04T19:27:09.741+01:00 r= ip=  INFO 22704 --- [wendys-tournament-management] [main] a.a.t.s.a.i.p.DataGeneratorBean          : Finished generating data without error.
2024-03-04T19:27:09.749+01:00 r= ip=  INFO 22704 --- [wendys-tournament-management] [main] a.a.t.s.a.i.p.DataGeneratorBean          : Clearing data…
2024-03-04T19:27:09.752+01:00 r= ip=  INFO 22704 --- [wendys-tournament-management] [main] a.a.t.s.a.i.p.DataGeneratorBean          : Finished clearing data without error
2024-03-04T19:27:09.789+01:00 r= ip=  INFO 22704 --- [wendys-tournament-management] [SpringApplicationShutdownHook] com.zaxxer.hikari.HikariDataSource       : HikariPool-1 - Shutdown initiated...
2024-03-04T19:27:09.794+01:00 r= ip=  INFO 22704 --- [wendys-tournament-management] [SpringApplicationShutdownHook] com.zaxxer.hikari.HikariDataSource       : HikariPool-1 - Shutdown completed.
2024-03-04T19:27:09.797+01:00 r= ip=  INFO 22704 --- [wendys-tournament-management] [SpringApplicationShutdownHook] com.zaxxer.hikari.HikariDataSource       : HikariPool-2 - Shutdown initiated...
2024-03-04T19:27:09.801+01:00 r= ip=  INFO 22704 --- [wendys-tournament-management] [SpringApplicationShutdownHook] com.zaxxer.hikari.HikariDataSource       : HikariPool-2 - Shutdown completed.
2024-03-04T19:27:09.803+01:00 r= ip=  INFO 22704 --- [wendys-tournament-management] [SpringApplicationShutdownHook] com.zaxxer.hikari.HikariDataSource       : HikariPool-3 - Shutdown initiated...
2024-03-04T19:27:09.820+01:00 r= ip=  INFO 22704 --- [wendys-tournament-management] [SpringApplicationShutdownHook] com.zaxxer.hikari.HikariDataSource       : HikariPool-3 - Shutdown completed.
2024-03-04T19:28:28.369+01:00 r= ip=  INFO 25596 --- [wendys-tournament-management] [main] .a.i.SeprIndividualAssignmentApplication : Starting SeprIndividualAssignmentApplication using Java 21.0.2 with PID 25596 (C:\Users\Anton\OneDrive - TU Wien\Dokumente\Uni\TU Informatik\2024SS\Software Engineering Projekt\Wendys-Tournament-Management\backend\target\classes started by Anton in C:\Users\Anton\OneDrive - TU Wien\Dokumente\Uni\TU Informatik\2024SS\Software Engineering Projekt\Wendys-Tournament-Management\backend)
2024-03-04T19:28:28.370+01:00 r= ip=  INFO 25596 --- [wendys-tournament-management] [main] .a.i.SeprIndividualAssignmentApplication : No active profile set, falling back to 1 default profile: "default"
2024-03-04T19:28:29.116+01:00 r= ip=  INFO 25596 --- [wendys-tournament-management] [main] o.s.b.w.embedded.tomcat.TomcatWebServer  : Tomcat initialized with port 8080 (http)
2024-03-04T19:28:29.126+01:00 r= ip=  INFO 25596 --- [wendys-tournament-management] [main] o.apache.catalina.core.StandardService   : Starting service [Tomcat]
2024-03-04T19:28:29.127+01:00 r= ip=  INFO 25596 --- [wendys-tournament-management] [main] o.apache.catalina.core.StandardEngine    : Starting Servlet engine: [Apache Tomcat/10.1.19]
2024-03-04T19:28:29.173+01:00 r= ip=  INFO 25596 --- [wendys-tournament-management] [main] o.a.c.c.C.[Tomcat].[localhost].[/]       : Initializing Spring embedded WebApplicationContext
2024-03-04T19:28:29.173+01:00 r= ip=  INFO 25596 --- [wendys-tournament-management] [main] w.s.c.ServletWebServerApplicationContext : Root WebApplicationContext: initialization completed in 763 ms
2024-03-04T19:28:29.197+01:00 r= ip=  INFO 25596 --- [wendys-tournament-management] [main] com.zaxxer.hikari.HikariDataSource       : HikariPool-1 - Starting...
2024-03-04T19:28:29.428+01:00 r= ip=  INFO 25596 --- [wendys-tournament-management] [main] com.zaxxer.hikari.pool.HikariPool        : HikariPool-1 - Added connection conn1: url=jdbc:h2:./wendydb user=SA
2024-03-04T19:28:29.429+01:00 r= ip=  INFO 25596 --- [wendys-tournament-management] [main] com.zaxxer.hikari.HikariDataSource       : HikariPool-1 - Start completed.
2024-03-04T19:28:29.436+01:00 r= ip=  INFO 25596 --- [wendys-tournament-management] [main] o.s.b.a.h2.H2ConsoleAutoConfiguration    : H2 console available at '/h2-console'. Database available at 'jdbc:h2:./wendydb'
2024-03-04T19:28:29.776+01:00 r= ip=  INFO 25596 --- [wendys-tournament-management] [main] o.s.b.w.embedded.tomcat.TomcatWebServer  : Tomcat started on port 8080 (http) with context path ''
2024-03-04T19:28:29.782+01:00 r= ip=  INFO 25596 --- [wendys-tournament-management] [main] .a.i.SeprIndividualAssignmentApplication : Started SeprIndividualAssignmentApplication in 1.759 seconds (process running for 2.241)
2024-03-04T19:28:50.983+01:00 r= ip=  INFO 25596 --- [wendys-tournament-management] [http-nio-8080-exec-1] o.a.c.c.C.[Tomcat].[localhost].[/]       : Initializing Spring DispatcherServlet 'dispatcherServlet'
2024-03-04T19:28:50.983+01:00 r= ip=  INFO 25596 --- [wendys-tournament-management] [http-nio-8080-exec-1] o.s.web.servlet.DispatcherServlet        : Initializing Servlet 'dispatcherServlet'
2024-03-04T19:28:50.984+01:00 r= ip=  INFO 25596 --- [wendys-tournament-management] [http-nio-8080-exec-1] o.s.web.servlet.DispatcherServlet        : Completed initialization in 1 ms
2024-03-04T19:28:50.990+01:00 r=82839cc5379d ip=0:0:0:0:0:0:0:1  INFO 25596 --- [wendys-tournament-management] [http-nio-8080-exec-1] a.a.t.s.a.individual.config.LogFilter    : >>> GET /horses UA=Mozilla/5.0 (Windows NT 10.0; Win64; x64) AppleWebKit/537.36 (KHTML, like Gecko) Chrome/122.0.0.0 Safari/537.36
2024-03-04T19:28:51.052+01:00 r=82839cc5379d ip=0:0:0:0:0:0:0:1  INFO 25596 --- [wendys-tournament-management] [http-nio-8080-exec-1] a.a.t.s.a.individual.rest.HorseEndpoint  : GET /horses
2024-03-04T19:28:51.156+01:00 r=82839cc5379d ip=0:0:0:0:0:0:0:1  INFO 25596 --- [wendys-tournament-management] [http-nio-8080-exec-1] a.a.t.s.a.individual.config.LogFilter    : <<< GET /horses status=200 time=163ms
2024-03-04T19:28:59.622+01:00 r=3752b33236b4 ip=0:0:0:0:0:0:0:1  INFO 25596 --- [wendys-tournament-management] [http-nio-8080-exec-3] a.a.t.s.a.individual.config.LogFilter    : >>> GET /horses UA=Mozilla/5.0 (Windows NT 10.0; Win64; x64) AppleWebKit/537.36 (KHTML, like Gecko) Chrome/122.0.0.0 Safari/537.36
2024-03-04T19:28:59.624+01:00 r=3752b33236b4 ip=0:0:0:0:0:0:0:1  INFO 25596 --- [wendys-tournament-management] [http-nio-8080-exec-3] a.a.t.s.a.individual.rest.HorseEndpoint  : GET /horses
2024-03-04T19:28:59.628+01:00 r=3752b33236b4 ip=0:0:0:0:0:0:0:1  INFO 25596 --- [wendys-tournament-management] [http-nio-8080-exec-3] a.a.t.s.a.individual.config.LogFilter    : <<< GET /horses status=200 time=5ms
2024-03-04T19:28:59.908+01:00 r=74ca5dfd421e ip=0:0:0:0:0:0:0:1  INFO 25596 --- [wendys-tournament-management] [http-nio-8080-exec-6] a.a.t.s.a.individual.config.LogFilter    : >>> GET /horses UA=Mozilla/5.0 (Windows NT 10.0; Win64; x64) AppleWebKit/537.36 (KHTML, like Gecko) Chrome/122.0.0.0 Safari/537.36
2024-03-04T19:28:59.910+01:00 r=74ca5dfd421e ip=0:0:0:0:0:0:0:1  INFO 25596 --- [wendys-tournament-management] [http-nio-8080-exec-6] a.a.t.s.a.individual.rest.HorseEndpoint  : GET /horses
2024-03-04T19:28:59.913+01:00 r=74ca5dfd421e ip=0:0:0:0:0:0:0:1  INFO 25596 --- [wendys-tournament-management] [http-nio-8080-exec-6] a.a.t.s.a.individual.config.LogFilter    : <<< GET /horses status=200 time=3ms
2024-03-04T19:29:16.197+01:00 r= ip=  INFO 25596 --- [wendys-tournament-management] [SpringApplicationShutdownHook] com.zaxxer.hikari.HikariDataSource       : HikariPool-1 - Shutdown initiated...
2024-03-04T19:29:16.199+01:00 r= ip=  INFO 25596 --- [wendys-tournament-management] [SpringApplicationShutdownHook] com.zaxxer.hikari.HikariDataSource       : HikariPool-1 - Shutdown completed.
2024-03-04T19:30:33.933+01:00 r= ip=  INFO 4928 --- [wendys-tournament-management] [main] .a.i.SeprIndividualAssignmentApplication : Starting SeprIndividualAssignmentApplication using Java 21.0.2 with PID 4928 (C:\Users\Anton\OneDrive - TU Wien\Dokumente\Uni\TU Informatik\2024SS\Software Engineering Projekt\Wendys-Tournament-Management\backend\target\classes started by Anton in C:\Users\Anton\OneDrive - TU Wien\Dokumente\Uni\TU Informatik\2024SS\Software Engineering Projekt\Wendys-Tournament-Management\backend)
2024-03-04T19:30:33.935+01:00 r= ip=  INFO 4928 --- [wendys-tournament-management] [main] .a.i.SeprIndividualAssignmentApplication : No active profile set, falling back to 1 default profile: "default"
2024-03-04T19:30:34.689+01:00 r= ip=  INFO 4928 --- [wendys-tournament-management] [main] o.s.b.w.embedded.tomcat.TomcatWebServer  : Tomcat initialized with port 8080 (http)
2024-03-04T19:30:34.699+01:00 r= ip=  INFO 4928 --- [wendys-tournament-management] [main] o.apache.catalina.core.StandardService   : Starting service [Tomcat]
2024-03-04T19:30:34.699+01:00 r= ip=  INFO 4928 --- [wendys-tournament-management] [main] o.apache.catalina.core.StandardEngine    : Starting Servlet engine: [Apache Tomcat/10.1.19]
2024-03-04T19:30:34.749+01:00 r= ip=  INFO 4928 --- [wendys-tournament-management] [main] o.a.c.c.C.[Tomcat].[localhost].[/]       : Initializing Spring embedded WebApplicationContext
2024-03-04T19:30:34.750+01:00 r= ip=  INFO 4928 --- [wendys-tournament-management] [main] w.s.c.ServletWebServerApplicationContext : Root WebApplicationContext: initialization completed in 779 ms
2024-03-04T19:30:34.775+01:00 r= ip=  INFO 4928 --- [wendys-tournament-management] [main] com.zaxxer.hikari.HikariDataSource       : HikariPool-1 - Starting...
2024-03-04T19:30:35.020+01:00 r= ip=  INFO 4928 --- [wendys-tournament-management] [main] com.zaxxer.hikari.pool.HikariPool        : HikariPool-1 - Added connection conn1: url=jdbc:h2:./wendydb user=SA
2024-03-04T19:30:35.021+01:00 r= ip=  INFO 4928 --- [wendys-tournament-management] [main] com.zaxxer.hikari.HikariDataSource       : HikariPool-1 - Start completed.
2024-03-04T19:30:35.031+01:00 r= ip=  INFO 4928 --- [wendys-tournament-management] [main] o.s.b.a.h2.H2ConsoleAutoConfiguration    : H2 console available at '/h2-console'. Database available at 'jdbc:h2:./wendydb'
2024-03-04T19:30:35.338+01:00 r= ip=  INFO 4928 --- [wendys-tournament-management] [main] o.s.b.w.embedded.tomcat.TomcatWebServer  : Tomcat started on port 8080 (http) with context path ''
2024-03-04T19:30:35.345+01:00 r= ip=  INFO 4928 --- [wendys-tournament-management] [main] .a.i.SeprIndividualAssignmentApplication : Started SeprIndividualAssignmentApplication in 1.77 seconds (process running for 2.042)
2024-03-04T19:32:03.351+01:00 r= ip=  INFO 4928 --- [wendys-tournament-management] [http-nio-8080-exec-1] o.a.c.c.C.[Tomcat].[localhost].[/]       : Initializing Spring DispatcherServlet 'dispatcherServlet'
2024-03-04T19:32:03.351+01:00 r= ip=  INFO 4928 --- [wendys-tournament-management] [http-nio-8080-exec-1] o.s.web.servlet.DispatcherServlet        : Initializing Servlet 'dispatcherServlet'
2024-03-04T19:32:03.352+01:00 r= ip=  INFO 4928 --- [wendys-tournament-management] [http-nio-8080-exec-1] o.s.web.servlet.DispatcherServlet        : Completed initialization in 0 ms
2024-03-04T19:32:03.358+01:00 r=108ab7588834 ip=0:0:0:0:0:0:0:1  INFO 4928 --- [wendys-tournament-management] [http-nio-8080-exec-1] a.a.t.s.a.individual.config.LogFilter    : >>> GET /horses UA=Mozilla/5.0 (Windows NT 10.0; Win64; x64) AppleWebKit/537.36 (KHTML, like Gecko) Chrome/122.0.0.0 Safari/537.36
2024-03-04T19:32:03.400+01:00 r=108ab7588834 ip=0:0:0:0:0:0:0:1  INFO 4928 --- [wendys-tournament-management] [http-nio-8080-exec-1] a.a.t.s.a.individual.rest.HorseEndpoint  : GET /horses
2024-03-04T19:32:03.441+01:00 r=108ab7588834 ip=0:0:0:0:0:0:0:1  INFO 4928 --- [wendys-tournament-management] [http-nio-8080-exec-1] a.a.t.s.a.individual.config.LogFilter    : <<< GET /horses status=200 time=83ms
2024-03-04T19:32:03.582+01:00 r=3f41fb2eb6a5 ip=0:0:0:0:0:0:0:1  INFO 4928 --- [wendys-tournament-management] [http-nio-8080-exec-2] a.a.t.s.a.individual.config.LogFilter    : >>> GET /horses UA=Mozilla/5.0 (Windows NT 10.0; Win64; x64) AppleWebKit/537.36 (KHTML, like Gecko) Chrome/122.0.0.0 Safari/537.36
2024-03-04T19:32:03.583+01:00 r=3f41fb2eb6a5 ip=0:0:0:0:0:0:0:1  INFO 4928 --- [wendys-tournament-management] [http-nio-8080-exec-2] a.a.t.s.a.individual.rest.HorseEndpoint  : GET /horses
2024-03-04T19:32:03.585+01:00 r=3f41fb2eb6a5 ip=0:0:0:0:0:0:0:1  INFO 4928 --- [wendys-tournament-management] [http-nio-8080-exec-2] a.a.t.s.a.individual.config.LogFilter    : <<< GET /horses status=200 time=2ms
2024-03-04T19:32:06.730+01:00 r=414a623140a1 ip=0:0:0:0:0:0:0:1  INFO 4928 --- [wendys-tournament-management] [http-nio-8080-exec-4] a.a.t.s.a.individual.config.LogFilter    : >>> GET /horses UA=Mozilla/5.0 (Windows NT 10.0; Win64; x64) AppleWebKit/537.36 (KHTML, like Gecko) Chrome/122.0.0.0 Safari/537.36
2024-03-04T19:32:06.732+01:00 r=414a623140a1 ip=0:0:0:0:0:0:0:1  INFO 4928 --- [wendys-tournament-management] [http-nio-8080-exec-4] a.a.t.s.a.individual.rest.HorseEndpoint  : GET /horses
2024-03-04T19:32:06.733+01:00 r=414a623140a1 ip=0:0:0:0:0:0:0:1  INFO 4928 --- [wendys-tournament-management] [http-nio-8080-exec-4] a.a.t.s.a.individual.config.LogFilter    : <<< GET /horses status=200 time=2ms
2024-03-04T19:57:21.787+01:00 r= ip=  INFO 11172 --- [wendys-tournament-management] [main] a.a.t.s.a.i.persistence.BreedDaoTest     : Starting BreedDaoTest using Java 21.0.2 with PID 11172 (started by Anton in C:\Users\Anton\OneDrive - TU Wien\Dokumente\Uni\TU Informatik\2024SS\Software Engineering Projekt\Wendys-Tournament-Management\backend)
2024-03-04T19:57:21.791+01:00 r= ip=  INFO 11172 --- [wendys-tournament-management] [main] a.a.t.s.a.i.persistence.BreedDaoTest     : The following 2 profiles are active: "test", "datagen"
2024-03-04T19:57:23.113+01:00 r= ip=  INFO 11172 --- [wendys-tournament-management] [main] a.a.t.s.a.i.p.DataGeneratorBean          : Generating data…
2024-03-04T19:57:23.115+01:00 r= ip=  INFO 11172 --- [wendys-tournament-management] [main] com.zaxxer.hikari.HikariDataSource       : HikariPool-1 - Starting...
2024-03-04T19:57:23.449+01:00 r= ip=  INFO 11172 --- [wendys-tournament-management] [main] com.zaxxer.hikari.pool.HikariPool        : HikariPool-1 - Added connection conn0: url=jdbc:h2:mem:testdb user=SA
2024-03-04T19:57:23.451+01:00 r= ip=  INFO 11172 --- [wendys-tournament-management] [main] com.zaxxer.hikari.HikariDataSource       : HikariPool-1 - Start completed.
2024-03-04T19:57:23.477+01:00 r= ip=  INFO 11172 --- [wendys-tournament-management] [main] a.a.t.s.a.i.p.DataGeneratorBean          : Finished generating data without error.
2024-03-04T19:57:24.201+01:00 r= ip=  INFO 11172 --- [wendys-tournament-management] [main] o.s.b.a.h2.H2ConsoleAutoConfiguration    : H2 console available at '/h2-console'. Database available at 'jdbc:h2:mem:testdb'
2024-03-04T19:57:24.274+01:00 r= ip=  INFO 11172 --- [wendys-tournament-management] [main] a.a.t.s.a.i.persistence.BreedDaoTest     : Started BreedDaoTest in 2.92 seconds (process running for 4.318)
2024-03-04T19:57:25.391+01:00 r= ip=  INFO 11172 --- [wendys-tournament-management] [main] a.a.t.s.a.i.p.DataGeneratorBean          : Generating data…
2024-03-04T19:57:25.407+01:00 r= ip=  INFO 11172 --- [wendys-tournament-management] [main] a.a.t.s.a.i.p.DataGeneratorBean          : Finished generating data without error.
2024-03-04T19:57:25.581+01:00 r= ip=  INFO 11172 --- [wendys-tournament-management] [main] a.a.t.s.a.i.p.DataGeneratorBean          : Clearing data…
2024-03-04T19:57:25.589+01:00 r= ip=  INFO 11172 --- [wendys-tournament-management] [main] a.a.t.s.a.i.p.DataGeneratorBean          : Finished clearing data without error
2024-03-04T19:57:25.611+01:00 r= ip=  INFO 11172 --- [wendys-tournament-management] [main] a.a.t.s.a.i.p.DataGeneratorBean          : Generating data…
2024-03-04T19:57:25.618+01:00 r= ip=  INFO 11172 --- [wendys-tournament-management] [main] a.a.t.s.a.i.p.DataGeneratorBean          : Finished generating data without error.
2024-03-04T19:57:25.623+01:00 r= ip=  INFO 11172 --- [wendys-tournament-management] [main] a.a.t.s.a.i.p.DataGeneratorBean          : Clearing data…
2024-03-04T19:57:25.627+01:00 r= ip=  INFO 11172 --- [wendys-tournament-management] [main] a.a.t.s.a.i.p.DataGeneratorBean          : Finished clearing data without error
2024-03-04T19:57:25.634+01:00 r= ip=  INFO 11172 --- [wendys-tournament-management] [main] a.a.t.s.a.i.p.DataGeneratorBean          : Generating data…
2024-03-04T19:57:25.642+01:00 r= ip=  INFO 11172 --- [wendys-tournament-management] [main] a.a.t.s.a.i.p.DataGeneratorBean          : Finished generating data without error.
2024-03-04T19:57:25.651+01:00 r= ip=  INFO 11172 --- [wendys-tournament-management] [main] a.a.t.s.a.i.p.DataGeneratorBean          : Clearing data…
2024-03-04T19:57:25.655+01:00 r= ip=  INFO 11172 --- [wendys-tournament-management] [main] a.a.t.s.a.i.p.DataGeneratorBean          : Finished clearing data without error
2024-03-04T19:57:25.663+01:00 r= ip=  INFO 11172 --- [wendys-tournament-management] [main] a.a.t.s.a.i.p.DataGeneratorBean          : Generating data…
2024-03-04T19:57:25.668+01:00 r= ip=  INFO 11172 --- [wendys-tournament-management] [main] a.a.t.s.a.i.p.DataGeneratorBean          : Finished generating data without error.
2024-03-04T19:57:25.670+01:00 r= ip=  INFO 11172 --- [wendys-tournament-management] [main] a.a.t.s.a.i.p.DataGeneratorBean          : Clearing data…
2024-03-04T19:57:25.675+01:00 r= ip=  INFO 11172 --- [wendys-tournament-management] [main] a.a.t.s.a.i.p.DataGeneratorBean          : Finished clearing data without error
2024-03-04T19:57:25.689+01:00 r= ip=  INFO 11172 --- [wendys-tournament-management] [main] t.c.s.AnnotationConfigContextLoaderUtils : Could not detect default configuration classes for test class [at.ac.tuwien.sepr.assignment.individual.persistence.HorseDaoTest]: HorseDaoTest does not declare any static, non-private, non-final, nested classes annotated with @Configuration.
2024-03-04T19:57:25.694+01:00 r= ip=  INFO 11172 --- [wendys-tournament-management] [main] .b.t.c.SpringBootTestContextBootstrapper : Found @SpringBootConfiguration at.ac.tuwien.sepr.assignment.individual.SeprIndividualAssignmentApplication for test class at.ac.tuwien.sepr.assignment.individual.persistence.HorseDaoTest
2024-03-04T19:57:25.709+01:00 r= ip=  INFO 11172 --- [wendys-tournament-management] [main] a.a.t.s.a.i.p.DataGeneratorBean          : Generating data…
2024-03-04T19:57:25.716+01:00 r= ip=  INFO 11172 --- [wendys-tournament-management] [main] a.a.t.s.a.i.p.DataGeneratorBean          : Finished generating data without error.
2024-03-04T19:57:25.793+01:00 r= ip=  INFO 11172 --- [wendys-tournament-management] [main] a.a.t.s.a.i.p.DataGeneratorBean          : Clearing data…
2024-03-04T19:57:25.798+01:00 r= ip=  INFO 11172 --- [wendys-tournament-management] [main] a.a.t.s.a.i.p.DataGeneratorBean          : Finished clearing data without error
2024-03-04T19:57:25.807+01:00 r= ip=  INFO 11172 --- [wendys-tournament-management] [main] a.a.t.s.a.i.p.DataGeneratorBean          : Generating data…
2024-03-04T19:57:25.815+01:00 r= ip=  INFO 11172 --- [wendys-tournament-management] [main] a.a.t.s.a.i.p.DataGeneratorBean          : Finished generating data without error.
2024-03-04T19:57:25.829+01:00 r= ip=  INFO 11172 --- [wendys-tournament-management] [main] a.a.t.s.a.i.p.DataGeneratorBean          : Clearing data…
2024-03-04T19:57:25.833+01:00 r= ip=  INFO 11172 --- [wendys-tournament-management] [main] a.a.t.s.a.i.p.DataGeneratorBean          : Finished clearing data without error
2024-03-04T19:57:25.847+01:00 r= ip=  INFO 11172 --- [wendys-tournament-management] [main] t.c.s.AnnotationConfigContextLoaderUtils : Could not detect default configuration classes for test class [at.ac.tuwien.sepr.assignment.individual.rest.HorseEndpointTest]: HorseEndpointTest does not declare any static, non-private, non-final, nested classes annotated with @Configuration.
2024-03-04T19:57:25.892+01:00 r= ip=  INFO 11172 --- [wendys-tournament-management] [main] .b.t.c.SpringBootTestContextBootstrapper : Found @SpringBootConfiguration at.ac.tuwien.sepr.assignment.individual.SeprIndividualAssignmentApplication for test class at.ac.tuwien.sepr.assignment.individual.rest.HorseEndpointTest
2024-03-04T19:57:25.949+01:00 r= ip=  INFO 11172 --- [wendys-tournament-management] [main] a.a.t.s.a.i.rest.HorseEndpointTest       : Starting HorseEndpointTest using Java 21.0.2 with PID 11172 (started by Anton in C:\Users\Anton\OneDrive - TU Wien\Dokumente\Uni\TU Informatik\2024SS\Software Engineering Projekt\Wendys-Tournament-Management\backend)
2024-03-04T19:57:25.950+01:00 r= ip=  INFO 11172 --- [wendys-tournament-management] [main] a.a.t.s.a.i.rest.HorseEndpointTest       : The following 2 profiles are active: "test", "datagen"
2024-03-04T19:57:26.271+01:00 r= ip=  INFO 11172 --- [wendys-tournament-management] [main] a.a.t.s.a.i.p.DataGeneratorBean          : Generating data…
2024-03-04T19:57:26.271+01:00 r= ip=  INFO 11172 --- [wendys-tournament-management] [main] com.zaxxer.hikari.HikariDataSource       : HikariPool-2 - Starting...
2024-03-04T19:57:26.275+01:00 r= ip=  INFO 11172 --- [wendys-tournament-management] [main] com.zaxxer.hikari.pool.HikariPool        : HikariPool-2 - Added connection conn10: url=jdbc:h2:mem:testdb user=SA
2024-03-04T19:57:26.276+01:00 r= ip=  INFO 11172 --- [wendys-tournament-management] [main] com.zaxxer.hikari.HikariDataSource       : HikariPool-2 - Start completed.
2024-03-04T19:57:26.283+01:00 r= ip=  INFO 11172 --- [wendys-tournament-management] [main] a.a.t.s.a.i.p.DataGeneratorBean          : Finished generating data without error.
2024-03-04T19:57:26.406+01:00 r= ip=  INFO 11172 --- [wendys-tournament-management] [main] o.s.b.a.h2.H2ConsoleAutoConfiguration    : H2 console available at '/h2-console'. Database available at 'jdbc:h2:mem:testdb'
2024-03-04T19:57:26.436+01:00 r= ip=  INFO 11172 --- [wendys-tournament-management] [main] a.a.t.s.a.i.rest.HorseEndpointTest       : Started HorseEndpointTest in 0.538 seconds (process running for 6.479)
2024-03-04T19:57:26.442+01:00 r= ip=  INFO 11172 --- [wendys-tournament-management] [main] a.a.t.s.a.i.p.DataGeneratorBean          : Generating data…
2024-03-04T19:57:26.451+01:00 r= ip=  INFO 11172 --- [wendys-tournament-management] [main] a.a.t.s.a.i.p.DataGeneratorBean          : Finished generating data without error.
2024-03-04T19:57:26.530+01:00 r= ip=  INFO 11172 --- [wendys-tournament-management] [main] o.s.b.t.m.w.SpringBootMockServletContext : Initializing Spring TestDispatcherServlet ''
2024-03-04T19:57:26.531+01:00 r= ip=  INFO 11172 --- [wendys-tournament-management] [main] o.s.t.web.servlet.TestDispatcherServlet  : Initializing Servlet ''
2024-03-04T19:57:26.532+01:00 r= ip=  INFO 11172 --- [wendys-tournament-management] [main] o.s.t.web.servlet.TestDispatcherServlet  : Completed initialization in 1 ms
2024-03-04T19:57:26.643+01:00 r= ip=  INFO 11172 --- [wendys-tournament-management] [main] a.a.t.s.a.individual.rest.HorseEndpoint  : GET /horses
2024-03-04T19:57:26.791+01:00 r= ip=  INFO 11172 --- [wendys-tournament-management] [main] a.a.t.s.a.i.p.DataGeneratorBean          : Clearing data…
2024-03-04T19:57:26.793+01:00 r= ip=  INFO 11172 --- [wendys-tournament-management] [main] a.a.t.s.a.i.p.DataGeneratorBean          : Finished clearing data without error
2024-03-04T19:57:26.800+01:00 r= ip=  INFO 11172 --- [wendys-tournament-management] [main] a.a.t.s.a.i.p.DataGeneratorBean          : Generating data…
2024-03-04T19:57:26.807+01:00 r= ip=  INFO 11172 --- [wendys-tournament-management] [main] a.a.t.s.a.i.p.DataGeneratorBean          : Finished generating data without error.
2024-03-04T19:57:26.807+01:00 r= ip=  INFO 11172 --- [wendys-tournament-management] [main] o.s.b.t.m.w.SpringBootMockServletContext : Initializing Spring TestDispatcherServlet ''
2024-03-04T19:57:26.808+01:00 r= ip=  INFO 11172 --- [wendys-tournament-management] [main] o.s.t.web.servlet.TestDispatcherServlet  : Initializing Servlet ''
2024-03-04T19:57:26.809+01:00 r= ip=  INFO 11172 --- [wendys-tournament-management] [main] o.s.t.web.servlet.TestDispatcherServlet  : Completed initialization in 1 ms
2024-03-04T19:57:26.813+01:00 r= ip=  WARN 11172 --- [wendys-tournament-management] [main] o.s.web.servlet.PageNotFound             : No mapping for GET /asdf123
2024-03-04T19:57:26.819+01:00 r= ip=  WARN 11172 --- [wendys-tournament-management] [main] o.s.web.servlet.PageNotFound             : No endpoint GET /asdf123.
2024-03-04T19:57:26.821+01:00 r= ip=  INFO 11172 --- [wendys-tournament-management] [main] a.a.t.s.a.i.p.DataGeneratorBean          : Clearing data…
2024-03-04T19:57:26.824+01:00 r= ip=  INFO 11172 --- [wendys-tournament-management] [main] a.a.t.s.a.i.p.DataGeneratorBean          : Finished clearing data without error
2024-03-04T19:57:26.831+01:00 r= ip=  INFO 11172 --- [wendys-tournament-management] [main] a.a.t.s.a.i.p.DataGeneratorBean          : Generating data…
2024-03-04T19:57:26.837+01:00 r= ip=  INFO 11172 --- [wendys-tournament-management] [main] a.a.t.s.a.i.p.DataGeneratorBean          : Finished generating data without error.
2024-03-04T19:57:26.840+01:00 r= ip=  INFO 11172 --- [wendys-tournament-management] [main] o.s.b.t.m.w.SpringBootMockServletContext : Initializing Spring TestDispatcherServlet ''
2024-03-04T19:57:26.841+01:00 r= ip=  INFO 11172 --- [wendys-tournament-management] [main] o.s.t.web.servlet.TestDispatcherServlet  : Initializing Servlet ''
2024-03-04T19:57:26.842+01:00 r= ip=  INFO 11172 --- [wendys-tournament-management] [main] o.s.t.web.servlet.TestDispatcherServlet  : Completed initialization in 1 ms
2024-03-04T19:57:26.845+01:00 r= ip=  INFO 11172 --- [wendys-tournament-management] [main] a.a.t.s.a.individual.rest.HorseEndpoint  : GET /horses
2024-03-04T19:57:26.863+01:00 r= ip=  INFO 11172 --- [wendys-tournament-management] [main] a.a.t.s.a.i.p.DataGeneratorBean          : Clearing data…
2024-03-04T19:57:26.866+01:00 r= ip=  INFO 11172 --- [wendys-tournament-management] [main] a.a.t.s.a.i.p.DataGeneratorBean          : Finished clearing data without error
2024-03-04T19:57:26.872+01:00 r= ip=  INFO 11172 --- [wendys-tournament-management] [main] a.a.t.s.a.i.p.DataGeneratorBean          : Generating data…
2024-03-04T19:57:26.876+01:00 r= ip=  INFO 11172 --- [wendys-tournament-management] [main] a.a.t.s.a.i.p.DataGeneratorBean          : Finished generating data without error.
2024-03-04T19:57:26.877+01:00 r= ip=  INFO 11172 --- [wendys-tournament-management] [main] o.s.b.t.m.w.SpringBootMockServletContext : Initializing Spring TestDispatcherServlet ''
2024-03-04T19:57:26.877+01:00 r= ip=  INFO 11172 --- [wendys-tournament-management] [main] o.s.t.web.servlet.TestDispatcherServlet  : Initializing Servlet ''
2024-03-04T19:57:26.878+01:00 r= ip=  INFO 11172 --- [wendys-tournament-management] [main] o.s.t.web.servlet.TestDispatcherServlet  : Completed initialization in 1 ms
2024-03-04T19:57:26.882+01:00 r= ip=  INFO 11172 --- [wendys-tournament-management] [main] a.a.t.s.a.individual.rest.HorseEndpoint  : GET /horses
2024-03-04T19:57:26.899+01:00 r= ip=  INFO 11172 --- [wendys-tournament-management] [main] a.a.t.s.a.i.p.DataGeneratorBean          : Clearing data…
2024-03-04T19:57:26.904+01:00 r= ip=  INFO 11172 --- [wendys-tournament-management] [main] a.a.t.s.a.i.p.DataGeneratorBean          : Finished clearing data without error
2024-03-04T19:57:26.913+01:00 r= ip=  INFO 11172 --- [wendys-tournament-management] [main] t.c.s.AnnotationConfigContextLoaderUtils : Could not detect default configuration classes for test class [at.ac.tuwien.sepr.assignment.individual.SeprIndividualAssignmentApplicationTests]: SeprIndividualAssignmentApplicationTests does not declare any static, non-private, non-final, nested classes annotated with @Configuration.
2024-03-04T19:57:26.933+01:00 r= ip=  INFO 11172 --- [wendys-tournament-management] [main] .b.t.c.SpringBootTestContextBootstrapper : Found @SpringBootConfiguration at.ac.tuwien.sepr.assignment.individual.SeprIndividualAssignmentApplication for test class at.ac.tuwien.sepr.assignment.individual.SeprIndividualAssignmentApplicationTests
2024-03-04T19:57:27.008+01:00 r= ip=  INFO 11172 --- [wendys-tournament-management] [main] SeprIndividualAssignmentApplicationTests : Starting SeprIndividualAssignmentApplicationTests using Java 21.0.2 with PID 11172 (started by Anton in C:\Users\Anton\OneDrive - TU Wien\Dokumente\Uni\TU Informatik\2024SS\Software Engineering Projekt\Wendys-Tournament-Management\backend)
2024-03-04T19:57:27.009+01:00 r= ip=  INFO 11172 --- [wendys-tournament-management] [main] SeprIndividualAssignmentApplicationTests : The following 1 profile is active: "test"
2024-03-04T19:57:27.381+01:00 r= ip=  INFO 11172 --- [wendys-tournament-management] [main] com.zaxxer.hikari.HikariDataSource       : HikariPool-3 - Starting...
2024-03-04T19:57:27.385+01:00 r= ip=  INFO 11172 --- [wendys-tournament-management] [main] com.zaxxer.hikari.pool.HikariPool        : HikariPool-3 - Added connection conn20: url=jdbc:h2:mem:testdb user=SA
2024-03-04T19:57:27.386+01:00 r= ip=  INFO 11172 --- [wendys-tournament-management] [main] com.zaxxer.hikari.HikariDataSource       : HikariPool-3 - Start completed.
2024-03-04T19:57:27.386+01:00 r= ip=  INFO 11172 --- [wendys-tournament-management] [main] o.s.b.a.h2.H2ConsoleAutoConfiguration    : H2 console available at '/h2-console'. Database available at 'jdbc:h2:mem:testdb'
2024-03-04T19:57:27.402+01:00 r= ip=  INFO 11172 --- [wendys-tournament-management] [main] SeprIndividualAssignmentApplicationTests : Started SeprIndividualAssignmentApplicationTests in 0.464 seconds (process running for 7.445)
2024-03-04T19:57:27.415+01:00 r= ip=  INFO 11172 --- [wendys-tournament-management] [main] t.c.s.AnnotationConfigContextLoaderUtils : Could not detect default configuration classes for test class [at.ac.tuwien.sepr.assignment.individual.service.HorseServiceTest]: HorseServiceTest does not declare any static, non-private, non-final, nested classes annotated with @Configuration.
2024-03-04T19:57:27.446+01:00 r= ip=  INFO 11172 --- [wendys-tournament-management] [main] .b.t.c.SpringBootTestContextBootstrapper : Found @SpringBootConfiguration at.ac.tuwien.sepr.assignment.individual.SeprIndividualAssignmentApplication for test class at.ac.tuwien.sepr.assignment.individual.service.HorseServiceTest
2024-03-04T19:57:27.464+01:00 r= ip=  INFO 11172 --- [wendys-tournament-management] [main] a.a.t.s.a.i.p.DataGeneratorBean          : Generating data…
2024-03-04T19:57:27.472+01:00 r= ip=  INFO 11172 --- [wendys-tournament-management] [main] a.a.t.s.a.i.p.DataGeneratorBean          : Finished generating data without error.
2024-03-04T19:57:27.486+01:00 r= ip=  INFO 11172 --- [wendys-tournament-management] [main] a.a.t.s.a.i.p.DataGeneratorBean          : Clearing data…
2024-03-04T19:57:27.494+01:00 r= ip=  INFO 11172 --- [wendys-tournament-management] [main] a.a.t.s.a.i.p.DataGeneratorBean          : Finished clearing data without error
2024-03-04T19:57:27.500+01:00 r= ip=  INFO 11172 --- [wendys-tournament-management] [main] a.a.t.s.a.i.p.DataGeneratorBean          : Generating data…
2024-03-04T19:57:27.511+01:00 r= ip=  INFO 11172 --- [wendys-tournament-management] [main] a.a.t.s.a.i.p.DataGeneratorBean          : Finished generating data without error.
2024-03-04T19:57:27.522+01:00 r= ip=  INFO 11172 --- [wendys-tournament-management] [main] a.a.t.s.a.i.p.DataGeneratorBean          : Clearing data…
2024-03-04T19:57:27.525+01:00 r= ip=  INFO 11172 --- [wendys-tournament-management] [main] a.a.t.s.a.i.p.DataGeneratorBean          : Finished clearing data without error
2024-03-04T19:57:27.580+01:00 r= ip=  INFO 11172 --- [wendys-tournament-management] [SpringApplicationShutdownHook] com.zaxxer.hikari.HikariDataSource       : HikariPool-1 - Shutdown initiated...
2024-03-04T19:57:27.585+01:00 r= ip=  INFO 11172 --- [wendys-tournament-management] [SpringApplicationShutdownHook] com.zaxxer.hikari.HikariDataSource       : HikariPool-1 - Shutdown completed.
2024-03-04T19:57:27.588+01:00 r= ip=  INFO 11172 --- [wendys-tournament-management] [SpringApplicationShutdownHook] com.zaxxer.hikari.HikariDataSource       : HikariPool-2 - Shutdown initiated...
2024-03-04T19:57:27.590+01:00 r= ip=  INFO 11172 --- [wendys-tournament-management] [SpringApplicationShutdownHook] com.zaxxer.hikari.HikariDataSource       : HikariPool-2 - Shutdown completed.
2024-03-04T19:57:27.593+01:00 r= ip=  INFO 11172 --- [wendys-tournament-management] [SpringApplicationShutdownHook] com.zaxxer.hikari.HikariDataSource       : HikariPool-3 - Shutdown initiated...
2024-03-04T19:57:27.599+01:00 r= ip=  INFO 11172 --- [wendys-tournament-management] [SpringApplicationShutdownHook] com.zaxxer.hikari.HikariDataSource       : HikariPool-3 - Shutdown completed.
2024-03-04T20:01:52.406+01:00 r= ip=  INFO 4464 --- [wendys-tournament-management] [main] .a.i.SeprIndividualAssignmentApplication : Starting SeprIndividualAssignmentApplication using Java 21.0.2 with PID 4464 (C:\Users\Anton\OneDrive - TU Wien\Dokumente\Uni\TU Informatik\2024SS\Software Engineering Projekt\Wendys-Tournament-Management\backend\target\e12223389-0.0.1-SNAPSHOT.jar started by Anton in C:\Users\Anton\OneDrive - TU Wien\Dokumente\Uni\TU Informatik\2024SS\Software Engineering Projekt\Wendys-Tournament-Management\backend)
2024-03-04T20:01:52.408+01:00 r= ip=  INFO 4464 --- [wendys-tournament-management] [main] .a.i.SeprIndividualAssignmentApplication : The following 1 profile is active: "datagen"
2024-03-04T20:01:53.457+01:00 r= ip=  INFO 4464 --- [wendys-tournament-management] [main] o.s.b.w.embedded.tomcat.TomcatWebServer  : Tomcat initialized with port 8080 (http)
2024-03-04T20:01:53.468+01:00 r= ip=  INFO 4464 --- [wendys-tournament-management] [main] o.apache.catalina.core.StandardService   : Starting service [Tomcat]
2024-03-04T20:01:53.468+01:00 r= ip=  INFO 4464 --- [wendys-tournament-management] [main] o.apache.catalina.core.StandardEngine    : Starting Servlet engine: [Apache Tomcat/10.1.19]
2024-03-04T20:01:53.498+01:00 r= ip=  INFO 4464 --- [wendys-tournament-management] [main] o.a.c.c.C.[Tomcat].[localhost].[/]       : Initializing Spring embedded WebApplicationContext
2024-03-04T20:01:53.498+01:00 r= ip=  INFO 4464 --- [wendys-tournament-management] [main] w.s.c.ServletWebServerApplicationContext : Root WebApplicationContext: initialization completed in 1026 ms
2024-03-04T20:01:53.534+01:00 r= ip=  INFO 4464 --- [wendys-tournament-management] [main] com.zaxxer.hikari.HikariDataSource       : HikariPool-1 - Starting...
2024-03-04T20:01:57.841+01:00 r= ip=  INFO 4464 --- [wendys-tournament-management] [main] com.zaxxer.hikari.pool.HikariPool        : HikariPool-1 - Added connection conn1: url=jdbc:h2:./wendydb user=SA
2024-03-04T20:01:57.843+01:00 r= ip=  INFO 4464 --- [wendys-tournament-management] [main] com.zaxxer.hikari.HikariDataSource       : HikariPool-1 - Start completed.
2024-03-04T20:01:57.854+01:00 r= ip=  INFO 4464 --- [wendys-tournament-management] [main] o.s.b.a.h2.H2ConsoleAutoConfiguration    : H2 console available at '/h2-console'. Database available at 'jdbc:h2:./wendydb'
2024-03-04T20:01:57.918+01:00 r= ip=  INFO 4464 --- [wendys-tournament-management] [main] a.a.t.s.a.i.p.DataGeneratorBean          : Generating data…
2024-03-04T20:01:57.937+01:00 r= ip=  INFO 4464 --- [wendys-tournament-management] [main] a.a.t.s.a.i.p.DataGeneratorBean          : Finished generating data without error.
2024-03-04T20:01:58.380+01:00 r= ip=  INFO 4464 --- [wendys-tournament-management] [main] o.s.b.w.embedded.tomcat.TomcatWebServer  : Tomcat started on port 8080 (http) with context path ''
2024-03-04T20:01:58.397+01:00 r= ip=  INFO 4464 --- [wendys-tournament-management] [main] .a.i.SeprIndividualAssignmentApplication : Started SeprIndividualAssignmentApplication in 6.474 seconds (process running for 6.935)
2024-03-04T20:15:33.897+01:00 r= ip=  INFO 4464 --- [wendys-tournament-management] [http-nio-8080-exec-1] o.a.c.c.C.[Tomcat].[localhost].[/]       : Initializing Spring DispatcherServlet 'dispatcherServlet'
2024-03-04T20:15:33.899+01:00 r= ip=  INFO 4464 --- [wendys-tournament-management] [http-nio-8080-exec-1] o.s.web.servlet.DispatcherServlet        : Initializing Servlet 'dispatcherServlet'
2024-03-04T20:15:33.900+01:00 r= ip=  INFO 4464 --- [wendys-tournament-management] [http-nio-8080-exec-1] o.s.web.servlet.DispatcherServlet        : Completed initialization in 0 ms
2024-03-04T20:15:33.917+01:00 r=74b1f0b70fc6 ip=0:0:0:0:0:0:0:1  INFO 4464 --- [wendys-tournament-management] [http-nio-8080-exec-1] a.a.t.s.a.individual.config.LogFilter    : >>> GET /horses UA=Mozilla/5.0 (Windows NT 10.0; Win64; x64) AppleWebKit/537.36 (KHTML, like Gecko) Chrome/122.0.0.0 Safari/537.36
2024-03-04T20:15:33.993+01:00 r=74b1f0b70fc6 ip=0:0:0:0:0:0:0:1  INFO 4464 --- [wendys-tournament-management] [http-nio-8080-exec-1] a.a.t.s.a.individual.rest.HorseEndpoint  : GET /horses
2024-03-04T20:15:34.089+01:00 r=74b1f0b70fc6 ip=0:0:0:0:0:0:0:1  INFO 4464 --- [wendys-tournament-management] [http-nio-8080-exec-1] a.a.t.s.a.individual.config.LogFilter    : <<< GET /horses status=200 time=169ms
2024-03-04T20:15:34.162+01:00 r=cf7b08ada666 ip=0:0:0:0:0:0:0:1  INFO 4464 --- [wendys-tournament-management] [http-nio-8080-exec-2] a.a.t.s.a.individual.config.LogFilter    : >>> GET /horses UA=Mozilla/5.0 (Windows NT 10.0; Win64; x64) AppleWebKit/537.36 (KHTML, like Gecko) Chrome/122.0.0.0 Safari/537.36
2024-03-04T20:15:34.164+01:00 r=cf7b08ada666 ip=0:0:0:0:0:0:0:1  INFO 4464 --- [wendys-tournament-management] [http-nio-8080-exec-2] a.a.t.s.a.individual.rest.HorseEndpoint  : GET /horses
2024-03-04T20:15:34.172+01:00 r=cf7b08ada666 ip=0:0:0:0:0:0:0:1  INFO 4464 --- [wendys-tournament-management] [http-nio-8080-exec-2] a.a.t.s.a.individual.config.LogFilter    : <<< GET /horses status=200 time=9ms
2024-03-04T20:19:24.394+01:00 r= ip=  INFO 24108 --- [wendys-tournament-management] [main] .a.i.SeprIndividualAssignmentApplication : Starting SeprIndividualAssignmentApplication using Java 21.0.2 with PID 24108 (C:\Users\Anton\OneDrive - TU Wien\Dokumente\Uni\TU Informatik\2024SS\Software Engineering Projekt\Wendys-Tournament-Management\backend\target\e12223389-0.0.1-SNAPSHOT.jar started by Anton in C:\Users\Anton\OneDrive - TU Wien\Dokumente\Uni\TU Informatik\2024SS\Software Engineering Projekt\Wendys-Tournament-Management\backend)
2024-03-04T20:19:24.396+01:00 r= ip=  INFO 24108 --- [wendys-tournament-management] [main] .a.i.SeprIndividualAssignmentApplication : The following 1 profile is active: "datagen"
2024-03-04T20:19:25.430+01:00 r= ip=  INFO 24108 --- [wendys-tournament-management] [main] o.s.b.w.embedded.tomcat.TomcatWebServer  : Tomcat initialized with port 8080 (http)
2024-03-04T20:19:25.442+01:00 r= ip=  INFO 24108 --- [wendys-tournament-management] [main] o.apache.catalina.core.StandardService   : Starting service [Tomcat]
2024-03-04T20:19:25.443+01:00 r= ip=  INFO 24108 --- [wendys-tournament-management] [main] o.apache.catalina.core.StandardEngine    : Starting Servlet engine: [Apache Tomcat/10.1.19]
2024-03-04T20:19:25.471+01:00 r= ip=  INFO 24108 --- [wendys-tournament-management] [main] o.a.c.c.C.[Tomcat].[localhost].[/]       : Initializing Spring embedded WebApplicationContext
2024-03-04T20:19:25.471+01:00 r= ip=  INFO 24108 --- [wendys-tournament-management] [main] w.s.c.ServletWebServerApplicationContext : Root WebApplicationContext: initialization completed in 1014 ms
2024-03-04T20:19:25.501+01:00 r= ip=  INFO 24108 --- [wendys-tournament-management] [main] com.zaxxer.hikari.HikariDataSource       : HikariPool-1 - Starting...
2024-03-04T20:19:29.862+01:00 r= ip=  INFO 24108 --- [wendys-tournament-management] [main] com.zaxxer.hikari.pool.HikariPool        : HikariPool-1 - Added connection conn1: url=jdbc:h2:./wendydb user=SA
2024-03-04T20:19:29.864+01:00 r= ip=  INFO 24108 --- [wendys-tournament-management] [main] com.zaxxer.hikari.HikariDataSource       : HikariPool-1 - Start completed.
2024-03-04T20:19:29.873+01:00 r= ip=  INFO 24108 --- [wendys-tournament-management] [main] o.s.b.a.h2.H2ConsoleAutoConfiguration    : H2 console available at '/h2-console'. Database available at 'jdbc:h2:./wendydb'
2024-03-04T20:19:29.932+01:00 r= ip=  INFO 24108 --- [wendys-tournament-management] [main] a.a.t.s.a.i.p.DataGeneratorBean          : Generating data…
2024-03-04T20:19:29.957+01:00 r= ip=  INFO 24108 --- [wendys-tournament-management] [main] a.a.t.s.a.i.p.DataGeneratorBean          : Finished generating data without error.
2024-03-04T20:19:30.424+01:00 r= ip=  INFO 24108 --- [wendys-tournament-management] [main] o.s.b.w.embedded.tomcat.TomcatWebServer  : Tomcat started on port 8080 (http) with context path ''
2024-03-04T20:19:30.440+01:00 r= ip=  INFO 24108 --- [wendys-tournament-management] [main] .a.i.SeprIndividualAssignmentApplication : Started SeprIndividualAssignmentApplication in 6.536 seconds (process running for 6.986)
